nohup: ignoring input
Data Preparation: 115.6s
UPDATE!!!
Epoch: 1 (213.1s)  LR: 0.00060 Train Loss: 6.40  Valid Loss: 6.62  Valid NDCG: 0.2183
Data Preparation: 2.6s
UPDATE!!!
Epoch: 2 (183.2s)  LR: 0.00070 Train Loss: 5.70  Valid Loss: 5.80  Valid NDCG: 0.3129
Data Preparation: 2.7s
Epoch: 3 (183.5s)  LR: 0.00078 Train Loss: 5.27  Valid Loss: 5.88  Valid NDCG: 0.3030
Data Preparation: 2.8s
UPDATE!!!
Epoch: 4 (196.9s)  LR: 0.00086 Train Loss: 4.81  Valid Loss: 5.77  Valid NDCG: 0.3258
Data Preparation: 3.1s
Epoch: 5 (192.0s)  LR: 0.00092 Train Loss: 4.59  Valid Loss: 5.57  Valid NDCG: 0.3242
Data Preparation: 3.0s
UPDATE!!!
Epoch: 6 (181.1s)  LR: 0.00097 Train Loss: 4.74  Valid Loss: 5.61  Valid NDCG: 0.3398
Data Preparation: 2.9s
UPDATE!!!
Epoch: 7 (197.2s)  LR: 0.00099 Train Loss: 4.70  Valid Loss: 5.68  Valid NDCG: 0.3464
Data Preparation: 2.6s
Epoch: 8 (174.0s)  LR: 0.00100 Train Loss: 4.43  Valid Loss: 5.37  Valid NDCG: 0.3390
Data Preparation: 2.5s
UPDATE!!!
Epoch: 9 (196.5s)  LR: 0.00099 Train Loss: 4.24  Valid Loss: 5.14  Valid NDCG: 0.3816
Data Preparation: 2.7s
UPDATE!!!
Epoch: 10 (195.3s)  LR: 0.00095 Train Loss: 4.13  Valid Loss: 5.28  Valid NDCG: 0.3927
Data Preparation: 3.1s
Epoch: 11 (194.3s)  LR: 0.00090 Train Loss: 4.00  Valid Loss: 5.33  Valid NDCG: 0.3811
Data Preparation: 2.8s
UPDATE!!!
Epoch: 12 (189.0s)  LR: 0.00083 Train Loss: 3.88  Valid Loss: 4.82  Valid NDCG: 0.4223
Data Preparation: 2.9s
UPDATE!!!
Epoch: 13 (197.5s)  LR: 0.00075 Train Loss: 3.86  Valid Loss: 4.94  Valid NDCG: 0.4338
Data Preparation: 2.7s
UPDATE!!!
Epoch: 14 (195.7s)  LR: 0.00066 Train Loss: 3.67  Valid Loss: 4.87  Valid NDCG: 0.4340
Data Preparation: 2.9s
UPDATE!!!
Epoch: 15 (187.7s)  LR: 0.00056 Train Loss: 3.66  Valid Loss: 4.58  Valid NDCG: 0.4645
Data Preparation: 2.6s
Epoch: 16 (193.1s)  LR: 0.00046 Train Loss: 3.53  Valid Loss: 4.86  Valid NDCG: 0.4440
Data Preparation: 3.2s
UPDATE!!!
Epoch: 17 (183.0s)  LR: 0.00036 Train Loss: 3.51  Valid Loss: 4.44  Valid NDCG: 0.4741
Data Preparation: 2.9s
Epoch: 18 (188.2s)  LR: 0.00027 Train Loss: 3.46  Valid Loss: 5.01  Valid NDCG: 0.4219
Data Preparation: 2.9s
Epoch: 19 (201.7s)  LR: 0.00019 Train Loss: 3.51  Valid Loss: 4.51  Valid NDCG: 0.4578
Data Preparation: 3.0s
Epoch: 20 (245.8s)  LR: 0.00012 Train Loss: 3.46  Valid Loss: 4.78  Valid NDCG: 0.4687
Data Preparation: 3.2s
Epoch: 21 (224.6s)  LR: 0.00006 Train Loss: 3.50  Valid Loss: 4.54  Valid NDCG: 0.4687
Data Preparation: 2.8s
UPDATE!!!
Epoch: 22 (203.8s)  LR: 0.00002 Train Loss: 3.50  Valid Loss: 4.23  Valid NDCG: 0.5040
Data Preparation: 3.2s
Epoch: 23 (196.1s)  LR: 0.00000 Train Loss: 3.52  Valid Loss: 4.82  Valid NDCG: 0.4275
Data Preparation: 2.9s
Epoch: 24 (204.8s)  LR: 0.00000 Train Loss: 3.50  Valid Loss: 4.49  Valid NDCG: 0.4746
Data Preparation: 3.2s
Epoch: 25 (221.3s)  LR: 0.00003 Train Loss: 3.44  Valid Loss: 4.51  Valid NDCG: 0.4486
Data Preparation: 2.9s
Epoch: 26 (226.8s)  LR: 0.00007 Train Loss: 3.46  Valid Loss: 4.45  Valid NDCG: 0.4878
Data Preparation: 2.8s
UPDATE!!!
Epoch: 27 (219.3s)  LR: 0.00012 Train Loss: 3.45  Valid Loss: 4.28  Valid NDCG: 0.5124
Data Preparation: 3.3s
Epoch: 28 (215.6s)  LR: 0.00020 Train Loss: 3.40  Valid Loss: 4.42  Valid NDCG: 0.4739
Data Preparation: 3.5s
Epoch: 29 (200.3s)  LR: 0.00028 Train Loss: 3.35  Valid Loss: 4.63  Valid NDCG: 0.4589
Data Preparation: 3.3s
Epoch: 30 (188.9s)  LR: 0.00038 Train Loss: 3.34  Valid Loss: 4.63  Valid NDCG: 0.4675
Data Preparation: 2.8s
Epoch: 31 (182.4s)  LR: 0.00048 Train Loss: 3.31  Valid Loss: 4.38  Valid NDCG: 0.4794
Data Preparation: 4.0s
Epoch: 32 (196.1s)  LR: 0.00058 Train Loss: 3.27  Valid Loss: 4.81  Valid NDCG: 0.4335
Data Preparation: 2.6s
Epoch: 33 (199.1s)  LR: 0.00067 Train Loss: 3.33  Valid Loss: 4.49  Valid NDCG: 0.4448
Data Preparation: 3.2s
Epoch: 34 (193.5s)  LR: 0.00076 Train Loss: 3.35  Valid Loss: 4.32  Valid NDCG: 0.4800
Data Preparation: 2.9s
Epoch: 35 (188.9s)  LR: 0.00084 Train Loss: 3.25  Valid Loss: 4.64  Valid NDCG: 0.4478
Data Preparation: 3.1s
Epoch: 36 (187.3s)  LR: 0.00091 Train Loss: 3.26  Valid Loss: 4.62  Valid NDCG: 0.4785
Data Preparation: 2.7s
Epoch: 37 (188.5s)  LR: 0.00096 Train Loss: 3.26  Valid Loss: 4.99  Valid NDCG: 0.4234
Data Preparation: 3.0s
Epoch: 38 (188.4s)  LR: 0.00099 Train Loss: 3.26  Valid Loss: 4.55  Valid NDCG: 0.4592
Data Preparation: 3.7s
Epoch: 39 (185.1s)  LR: 0.00100 Train Loss: 3.18  Valid Loss: 4.98  Valid NDCG: 0.4236
Data Preparation: 3.3s
Epoch: 40 (188.6s)  LR: 0.00099 Train Loss: 3.21  Valid Loss: 4.47  Valid NDCG: 0.4606
Data Preparation: 3.1s
Epoch: 41 (187.0s)  LR: 0.00096 Train Loss: 3.21  Valid Loss: 5.09  Valid NDCG: 0.4306
Data Preparation: 3.0s
Epoch: 42 (206.5s)  LR: 0.00092 Train Loss: 3.17  Valid Loss: 4.45  Valid NDCG: 0.4611
Data Preparation: 3.0s
Epoch: 43 (231.6s)  LR: 0.00085 Train Loss: 3.13  Valid Loss: 4.60  Valid NDCG: 0.4633
Data Preparation: 3.1s
Epoch: 44 (220.8s)  LR: 0.00077 Train Loss: 3.06  Valid Loss: 4.53  Valid NDCG: 0.4910
Data Preparation: 3.1s
Epoch: 45 (201.2s)  LR: 0.00068 Train Loss: 3.04  Valid Loss: 4.77  Valid NDCG: 0.4407
Data Preparation: 3.0s
Epoch: 46 (187.5s)  LR: 0.00059 Train Loss: 3.07  Valid Loss: 4.57  Valid NDCG: 0.4811
Data Preparation: 3.1s
Epoch: 47 (189.6s)  LR: 0.00049 Train Loss: 3.03  Valid Loss: 4.28  Valid NDCG: 0.4820
Data Preparation: 2.8s
Epoch: 48 (187.3s)  LR: 0.00039 Train Loss: 3.00  Valid Loss: 4.60  Valid NDCG: 0.4753
Data Preparation: 3.8s
Epoch: 49 (195.0s)  LR: 0.00029 Train Loss: 2.99  Valid Loss: 4.31  Valid NDCG: 0.4939
Data Preparation: 3.1s
UPDATE!!!
Epoch: 50 (187.1s)  LR: 0.00021 Train Loss: 3.02  Valid Loss: 4.04  Valid NDCG: 0.5125
Data Preparation: 2.9s
Epoch: 51 (195.9s)  LR: 0.00013 Train Loss: 2.97  Valid Loss: 4.36  Valid NDCG: 0.4933
Data Preparation: 2.8s
Epoch: 52 (189.7s)  LR: 0.00007 Train Loss: 3.02  Valid Loss: 4.66  Valid NDCG: 0.4722
Data Preparation: 2.9s
Epoch: 53 (183.4s)  LR: 0.00003 Train Loss: 3.05  Valid Loss: 4.49  Valid NDCG: 0.5108
Data Preparation: 2.9s
UPDATE!!!
Epoch: 54 (191.3s)  LR: 0.00001 Train Loss: 3.04  Valid Loss: 3.91  Valid NDCG: 0.5247
Data Preparation: 3.0s
Epoch: 55 (203.1s)  LR: 0.00000 Train Loss: 3.04  Valid Loss: 4.33  Valid NDCG: 0.4890
Data Preparation: 2.8s
Epoch: 56 (200.7s)  LR: 0.00002 Train Loss: 3.04  Valid Loss: 4.12  Valid NDCG: 0.5141
Data Preparation: 3.1s
UPDATE!!!
Epoch: 57 (191.0s)  LR: 0.00005 Train Loss: 3.05  Valid Loss: 3.94  Valid NDCG: 0.5608
Data Preparation: 3.0s
Epoch: 58 (192.2s)  LR: 0.00011 Train Loss: 3.00  Valid Loss: 3.83  Valid NDCG: 0.5379
Data Preparation: 3.3s
Epoch: 59 (187.3s)  LR: 0.00018 Train Loss: 2.94  Valid Loss: 4.13  Valid NDCG: 0.5161
Data Preparation: 3.3s
Epoch: 60 (212.0s)  LR: 0.00026 Train Loss: 2.91  Valid Loss: 3.92  Valid NDCG: 0.5371
Data Preparation: 3.3s
Epoch: 61 (232.0s)  LR: 0.00035 Train Loss: 2.89  Valid Loss: 4.35  Valid NDCG: 0.4863
Data Preparation: 3.0s
Epoch: 62 (197.2s)  LR: 0.00045 Train Loss: 2.83  Valid Loss: 4.24  Valid NDCG: 0.5091
Data Preparation: 2.9s
Epoch: 63 (193.2s)  LR: 0.00055 Train Loss: 2.84  Valid Loss: 4.34  Valid NDCG: 0.5028
Data Preparation: 3.4s
Epoch: 64 (189.2s)  LR: 0.00065 Train Loss: 2.86  Valid Loss: 4.29  Valid NDCG: 0.4967
Data Preparation: 3.0s
Epoch: 65 (190.4s)  LR: 0.00074 Train Loss: 2.83  Valid Loss: 4.50  Valid NDCG: 0.4685
Data Preparation: 3.0s
Epoch: 66 (187.8s)  LR: 0.00082 Train Loss: 2.81  Valid Loss: 4.58  Valid NDCG: 0.4811
Data Preparation: 3.1s
Epoch: 67 (193.3s)  LR: 0.00089 Train Loss: 2.86  Valid Loss: 4.26  Valid NDCG: 0.5140
Data Preparation: 3.1s
Epoch: 68 (186.2s)  LR: 0.00095 Train Loss: 2.86  Valid Loss: 4.82  Valid NDCG: 0.4481
Data Preparation: 2.8s
Epoch: 69 (189.0s)  LR: 0.00098 Train Loss: 2.84  Valid Loss: 4.44  Valid NDCG: 0.5013
Data Preparation: 3.3s
Epoch: 70 (180.9s)  LR: 0.00100 Train Loss: 2.90  Valid Loss: 4.58  Valid NDCG: 0.4761
Data Preparation: 3.1s
Epoch: 71 (191.7s)  LR: 0.00100 Train Loss: 2.85  Valid Loss: 4.46  Valid NDCG: 0.5008
Data Preparation: 3.4s
Epoch: 72 (191.8s)  LR: 0.00097 Train Loss: 2.85  Valid Loss: 4.51  Valid NDCG: 0.4720
Data Preparation: 3.1s
Epoch: 73 (198.6s)  LR: 0.00093 Train Loss: 2.84  Valid Loss: 4.57  Valid NDCG: 0.4569
Data Preparation: 3.5s
Epoch: 74 (196.6s)  LR: 0.00087 Train Loss: 2.83  Valid Loss: 4.48  Valid NDCG: 0.4835
Data Preparation: 3.0s
Epoch: 75 (192.4s)  LR: 0.00079 Train Loss: 2.78  Valid Loss: 4.79  Valid NDCG: 0.4421
Data Preparation: 3.1s
Epoch: 76 (190.4s)  LR: 0.00071 Train Loss: 2.78  Valid Loss: 4.61  Valid NDCG: 0.4895
Data Preparation: 3.0s
Epoch: 77 (197.1s)  LR: 0.00061 Train Loss: 2.78  Valid Loss: 4.62  Valid NDCG: 0.5022
Data Preparation: 3.0s
Epoch: 78 (192.4s)  LR: 0.00051 Train Loss: 2.73  Valid Loss: 4.74  Valid NDCG: 0.4762
Data Preparation: 3.2s
Epoch: 79 (191.3s)  LR: 0.00041 Train Loss: 2.73  Valid Loss: 4.53  Valid NDCG: 0.4787
Data Preparation: 3.2s
Epoch: 80 (184.1s)  LR: 0.00032 Train Loss: 2.69  Valid Loss: 4.30  Valid NDCG: 0.5114
Data Preparation: 2.9s
Epoch: 81 (183.1s)  LR: 0.00023 Train Loss: 2.66  Valid Loss: 4.00  Valid NDCG: 0.5447
Data Preparation: 3.1s
Epoch: 82 (185.6s)  LR: 0.00015 Train Loss: 2.71  Valid Loss: 4.12  Valid NDCG: 0.5257
Data Preparation: 3.0s
Epoch: 83 (191.8s)  LR: 0.00009 Train Loss: 2.77  Valid Loss: 3.75  Valid NDCG: 0.5553
Data Preparation: 3.3s
Epoch: 84 (202.5s)  LR: 0.00004 Train Loss: 2.76  Valid Loss: 4.29  Valid NDCG: 0.5160
Data Preparation: 2.9s
Epoch: 85 (197.5s)  LR: 0.00001 Train Loss: 2.80  Valid Loss: 4.00  Valid NDCG: 0.5499
Data Preparation: 3.0s
Epoch: 86 (188.2s)  LR: 0.00000 Train Loss: 2.76  Valid Loss: 4.22  Valid NDCG: 0.5211
Data Preparation: 2.9s
Epoch: 87 (187.8s)  LR: 0.00001 Train Loss: 2.81  Valid Loss: 4.01  Valid NDCG: 0.5582
Data Preparation: 2.9s
Epoch: 88 (189.4s)  LR: 0.00004 Train Loss: 2.78  Valid Loss: 4.45  Valid NDCG: 0.5064
Data Preparation: 3.0s
Epoch: 89 (195.6s)  LR: 0.00009 Train Loss: 2.75  Valid Loss: 3.98  Valid NDCG: 0.5316
Data Preparation: 2.9s
Epoch: 90 (190.1s)  LR: 0.00016 Train Loss: 2.73  Valid Loss: 4.20  Valid NDCG: 0.5294
Data Preparation: 2.9s
Epoch: 91 (206.9s)  LR: 0.00024 Train Loss: 2.64  Valid Loss: 3.83  Valid NDCG: 0.5541
Data Preparation: 3.4s
Epoch: 92 (189.6s)  LR: 0.00033 Train Loss: 2.63  Valid Loss: 4.03  Valid NDCG: 0.5195
Data Preparation: 3.1s
Epoch: 93 (196.4s)  LR: 0.00043 Train Loss: 2.59  Valid Loss: 4.34  Valid NDCG: 0.5248
Data Preparation: 3.0s
Epoch: 94 (187.5s)  LR: 0.00053 Train Loss: 2.56  Valid Loss: 4.04  Valid NDCG: 0.5076
Data Preparation: 3.0s
Epoch: 95 (195.1s)  LR: 0.00062 Train Loss: 2.63  Valid Loss: 4.42  Valid NDCG: 0.5064
Data Preparation: 3.2s
Epoch: 96 (183.5s)  LR: 0.00072 Train Loss: 2.59  Valid Loss: 4.26  Valid NDCG: 0.4843
Data Preparation: 3.3s
Epoch: 97 (201.8s)  LR: 0.00080 Train Loss: 2.57  Valid Loss: 4.39  Valid NDCG: 0.5153
Data Preparation: 3.3s
Epoch: 98 (190.2s)  LR: 0.00088 Train Loss: 2.57  Valid Loss: 4.48  Valid NDCG: 0.4912
Data Preparation: 3.1s
Epoch: 99 (193.9s)  LR: 0.00094 Train Loss: 2.56  Valid Loss: 4.42  Valid NDCG: 0.4849
Data Preparation: 2.7s
Epoch: 100 (193.2s)  LR: 0.00098 Train Loss: 2.61  Valid Loss: 4.55  Valid NDCG: 0.4902
Data Preparation: 3.4s
Epoch: 101 (194.7s)  LR: 0.00100 Train Loss: 2.56  Valid Loss: 4.93  Valid NDCG: 0.4719
Data Preparation: 3.0s
Epoch: 102 (187.8s)  LR: 0.00100 Train Loss: 2.61  Valid Loss: 5.58  Valid NDCG: 0.4032
Data Preparation: 2.7s
Epoch: 103 (200.5s)  LR: 0.00098 Train Loss: 2.60  Valid Loss: 4.91  Valid NDCG: 0.4274
Data Preparation: 2.9s
Epoch: 104 (191.6s)  LR: 0.00094 Train Loss: 2.56  Valid Loss: 4.26  Valid NDCG: 0.5295
Data Preparation: 2.9s
Epoch: 105 (195.1s)  LR: 0.00089 Train Loss: 2.57  Valid Loss: 4.41  Valid NDCG: 0.4941
Data Preparation: 2.9s
Epoch: 106 (185.0s)  LR: 0.00081 Train Loss: 2.56  Valid Loss: 4.49  Valid NDCG: 0.4755
Data Preparation: 2.8s
Epoch: 107 (186.8s)  LR: 0.00073 Train Loss: 2.53  Valid Loss: 4.52  Valid NDCG: 0.4824
Data Preparation: 3.2s
Epoch: 108 (184.7s)  LR: 0.00064 Train Loss: 2.52  Valid Loss: 4.22  Valid NDCG: 0.5299
Data Preparation: 2.9s
Epoch: 109 (194.7s)  LR: 0.00054 Train Loss: 2.57  Valid Loss: 4.31  Valid NDCG: 0.5177
Data Preparation: 3.0s
Epoch: 110 (189.9s)  LR: 0.00044 Train Loss: 2.57  Valid Loss: 4.29  Valid NDCG: 0.5479
Data Preparation: 2.9s
Epoch: 111 (189.1s)  LR: 0.00034 Train Loss: 2.52  Valid Loss: 4.53  Valid NDCG: 0.5040
Data Preparation: 3.1s
Epoch: 112 (181.4s)  LR: 0.00025 Train Loss: 2.53  Valid Loss: 4.43  Valid NDCG: 0.5313
Data Preparation: 2.9s
UPDATE!!!
Epoch: 113 (186.5s)  LR: 0.00017 Train Loss: 2.50  Valid Loss: 4.07  Valid NDCG: 0.5642
Data Preparation: 2.9s
Epoch: 114 (187.8s)  LR: 0.00010 Train Loss: 2.52  Valid Loss: 3.95  Valid NDCG: 0.5402
Data Preparation: 2.9s
Epoch: 115 (185.2s)  LR: 0.00005 Train Loss: 2.57  Valid Loss: 4.11  Valid NDCG: 0.5089
Data Preparation: 2.8s
Epoch: 116 (188.1s)  LR: 0.00002 Train Loss: 2.61  Valid Loss: 4.07  Valid NDCG: 0.5468
Data Preparation: 2.9s
Epoch: 117 (185.5s)  LR: 0.00000 Train Loss: 2.62  Valid Loss: 4.42  Valid NDCG: 0.4908
Data Preparation: 3.0s
Epoch: 118 (183.9s)  LR: 0.00001 Train Loss: 2.60  Valid Loss: 4.29  Valid NDCG: 0.5227
Data Preparation: 3.0s
Epoch: 119 (196.2s)  LR: 0.00003 Train Loss: 2.62  Valid Loss: 4.85  Valid NDCG: 0.4764
Data Preparation: 3.1s
Epoch: 120 (186.1s)  LR: 0.00008 Train Loss: 2.55  Valid Loss: 4.09  Valid NDCG: 0.5241
Data Preparation: 2.9s
Epoch: 121 (197.0s)  LR: 0.00014 Train Loss: 2.49  Valid Loss: 4.65  Valid NDCG: 0.5046
Data Preparation: 3.0s
Epoch: 122 (189.9s)  LR: 0.00022 Train Loss: 2.47  Valid Loss: 4.28  Valid NDCG: 0.5450
Data Preparation: 2.7s
Epoch: 123 (201.0s)  LR: 0.00031 Train Loss: 2.45  Valid Loss: 4.08  Valid NDCG: 0.5287
Data Preparation: 3.2s
Epoch: 124 (203.3s)  LR: 0.00040 Train Loss: 2.39  Valid Loss: 4.49  Valid NDCG: 0.5004
Data Preparation: 3.4s
Epoch: 125 (202.9s)  LR: 0.00050 Train Loss: 2.43  Valid Loss: 4.51  Valid NDCG: 0.4654
Data Preparation: 3.0s
Epoch: 126 (195.8s)  LR: 0.00060 Train Loss: 2.35  Valid Loss: 4.73  Valid NDCG: 0.4778
Data Preparation: 3.2s
Epoch: 127 (192.0s)  LR: 0.00070 Train Loss: 2.35  Valid Loss: 4.51  Valid NDCG: 0.4935
Data Preparation: 3.2s
Epoch: 128 (201.9s)  LR: 0.00078 Train Loss: 2.38  Valid Loss: 4.96  Valid NDCG: 0.4944
Data Preparation: 2.8s
Epoch: 129 (199.6s)  LR: 0.00086 Train Loss: 2.37  Valid Loss: 4.43  Valid NDCG: 0.5408
Data Preparation: 3.1s
Epoch: 130 (188.3s)  LR: 0.00092 Train Loss: 2.38  Valid Loss: 4.86  Valid NDCG: 0.4787
Data Preparation: 2.9s
Epoch: 131 (203.7s)  LR: 0.00097 Train Loss: 2.39  Valid Loss: 4.68  Valid NDCG: 0.4923
Data Preparation: 2.9s
Epoch: 132 (188.0s)  LR: 0.00099 Train Loss: 2.38  Valid Loss: 4.34  Valid NDCG: 0.5151
Data Preparation: 2.9s
Epoch: 133 (186.2s)  LR: 0.00100 Train Loss: 2.41  Valid Loss: 4.36  Valid NDCG: 0.5296
Data Preparation: 3.4s
Epoch: 134 (187.2s)  LR: 0.00099 Train Loss: 2.44  Valid Loss: 4.65  Valid NDCG: 0.4773
Data Preparation: 2.9s
Epoch: 135 (188.6s)  LR: 0.00095 Train Loss: 2.43  Valid Loss: 4.53  Valid NDCG: 0.5188
Data Preparation: 3.4s
Epoch: 136 (192.3s)  LR: 0.00090 Train Loss: 2.41  Valid Loss: 4.44  Valid NDCG: 0.4841
Data Preparation: 3.0s
Epoch: 137 (182.9s)  LR: 0.00083 Train Loss: 2.44  Valid Loss: 4.24  Valid NDCG: 0.5024
Data Preparation: 3.1s
Epoch: 138 (194.0s)  LR: 0.00075 Train Loss: 2.39  Valid Loss: 4.72  Valid NDCG: 0.5033
Data Preparation: 3.0s
Epoch: 139 (188.1s)  LR: 0.00066 Train Loss: 2.43  Valid Loss: 4.98  Valid NDCG: 0.4777
Data Preparation: 2.9s
Epoch: 140 (189.7s)  LR: 0.00056 Train Loss: 2.38  Valid Loss: 4.58  Valid NDCG: 0.5220
Data Preparation: 3.0s
Epoch: 141 (211.1s)  LR: 0.00046 Train Loss: 2.37  Valid Loss: 4.55  Valid NDCG: 0.5053
Data Preparation: 3.6s
Epoch: 142 (202.8s)  LR: 0.00036 Train Loss: 2.32  Valid Loss: 4.44  Valid NDCG: 0.5179
Data Preparation: 3.2s
Epoch: 143 (184.5s)  LR: 0.00027 Train Loss: 2.36  Valid Loss: 4.35  Valid NDCG: 0.5371
Data Preparation: 2.9s
Epoch: 144 (198.5s)  LR: 0.00019 Train Loss: 2.32  Valid Loss: 4.11  Valid NDCG: 0.5349
Data Preparation: 2.7s
Epoch: 145 (193.6s)  LR: 0.00012 Train Loss: 2.41  Valid Loss: 4.20  Valid NDCG: 0.5364
Data Preparation: 2.9s
Epoch: 146 (191.9s)  LR: 0.00006 Train Loss: 2.41  Valid Loss: 4.22  Valid NDCG: 0.5203
Data Preparation: 3.0s
Epoch: 147 (186.2s)  LR: 0.00002 Train Loss: 2.41  Valid Loss: 4.02  Valid NDCG: 0.5519
Data Preparation: 2.8s
Epoch: 148 (188.3s)  LR: 0.00000 Train Loss: 2.42  Valid Loss: 4.50  Valid NDCG: 0.5077
Data Preparation: 3.1s
Epoch: 149 (184.0s)  LR: 0.00000 Train Loss: 2.42  Valid Loss: 4.22  Valid NDCG: 0.5263
Data Preparation: 2.9s
Epoch: 150 (196.1s)  LR: 0.00003 Train Loss: 2.45  Valid Loss: 3.98  Valid NDCG: 0.5366
Data Preparation: 3.3s
Epoch: 151 (193.4s)  LR: 0.00007 Train Loss: 2.44  Valid Loss: 4.31  Valid NDCG: 0.5247
Data Preparation: 2.9s
Epoch: 152 (200.2s)  LR: 0.00012 Train Loss: 2.40  Valid Loss: 4.13  Valid NDCG: 0.5603
Data Preparation: 3.2s
Epoch: 153 (192.7s)  LR: 0.00020 Train Loss: 2.32  Valid Loss: 4.25  Valid NDCG: 0.5269
Data Preparation: 3.2s
Epoch: 154 (196.0s)  LR: 0.00028 Train Loss: 2.30  Valid Loss: 4.17  Valid NDCG: 0.5518
Data Preparation: 3.2s
Epoch: 155 (184.0s)  LR: 0.00038 Train Loss: 2.30  Valid Loss: 4.57  Valid NDCG: 0.4995
Data Preparation: 3.0s
Epoch: 156 (193.6s)  LR: 0.00048 Train Loss: 2.23  Valid Loss: 4.32  Valid NDCG: 0.5248
Data Preparation: 3.0s
Epoch: 157 (192.3s)  LR: 0.00058 Train Loss: 2.19  Valid Loss: 4.45  Valid NDCG: 0.5111
Data Preparation: 2.8s
Epoch: 158 (193.6s)  LR: 0.00067 Train Loss: 2.19  Valid Loss: 4.63  Valid NDCG: 0.4909
Data Preparation: 2.7s
Epoch: 159 (187.1s)  LR: 0.00076 Train Loss: 2.19  Valid Loss: 4.71  Valid NDCG: 0.5008
Data Preparation: 2.9s
Epoch: 160 (185.7s)  LR: 0.00084 Train Loss: 2.21  Valid Loss: 4.50  Valid NDCG: 0.5212
Data Preparation: 2.7s
Epoch: 161 (192.7s)  LR: 0.00091 Train Loss: 2.24  Valid Loss: 4.63  Valid NDCG: 0.5097
Data Preparation: 2.9s
Epoch: 162 (194.6s)  LR: 0.00096 Train Loss: 2.20  Valid Loss: 4.76  Valid NDCG: 0.4950
Data Preparation: 2.8s
Epoch: 163 (187.4s)  LR: 0.00099 Train Loss: 2.22  Valid Loss: 4.73  Valid NDCG: 0.4982
Data Preparation: 3.0s
Epoch: 164 (188.8s)  LR: 0.00100 Train Loss: 2.26  Valid Loss: 5.05  Valid NDCG: 0.4653
Data Preparation: 3.6s
Epoch: 165 (197.2s)  LR: 0.00099 Train Loss: 2.25  Valid Loss: 5.00  Valid NDCG: 0.4587
Data Preparation: 3.0s
Epoch: 166 (193.0s)  LR: 0.00096 Train Loss: 2.26  Valid Loss: 4.21  Valid NDCG: 0.5150
Data Preparation: 2.8s
Epoch: 167 (185.7s)  LR: 0.00092 Train Loss: 2.28  Valid Loss: 4.47  Valid NDCG: 0.5100
Data Preparation: 2.9s
Epoch: 168 (186.5s)  LR: 0.00085 Train Loss: 2.23  Valid Loss: 4.75  Valid NDCG: 0.5081
Data Preparation: 2.8s
Epoch: 169 (192.4s)  LR: 0.00077 Train Loss: 2.22  Valid Loss: 5.04  Valid NDCG: 0.4566
Data Preparation: 2.9s
Epoch: 170 (191.0s)  LR: 0.00068 Train Loss: 2.24  Valid Loss: 4.29  Valid NDCG: 0.5332
Data Preparation: 3.0s
Epoch: 171 (193.1s)  LR: 0.00059 Train Loss: 2.22  Valid Loss: 4.63  Valid NDCG: 0.5107
Data Preparation: 2.9s
Epoch: 172 (181.2s)  LR: 0.00049 Train Loss: 2.24  Valid Loss: 4.88  Valid NDCG: 0.4854
Data Preparation: 3.3s
Epoch: 173 (183.8s)  LR: 0.00039 Train Loss: 2.21  Valid Loss: 4.74  Valid NDCG: 0.5094
Data Preparation: 3.1s
Epoch: 174 (190.9s)  LR: 0.00029 Train Loss: 2.23  Valid Loss: 4.26  Valid NDCG: 0.5429
Data Preparation: 3.8s
Epoch: 175 (203.5s)  LR: 0.00021 Train Loss: 2.22  Valid Loss: 4.62  Valid NDCG: 0.5229
Data Preparation: 3.0s
Epoch: 176 (187.9s)  LR: 0.00013 Train Loss: 2.23  Valid Loss: 4.51  Valid NDCG: 0.5090
Data Preparation: 2.8s
Epoch: 177 (193.5s)  LR: 0.00007 Train Loss: 2.28  Valid Loss: 4.56  Valid NDCG: 0.5026
Data Preparation: 2.9s
Epoch: 178 (191.0s)  LR: 0.00003 Train Loss: 2.29  Valid Loss: 4.44  Valid NDCG: 0.5347
Data Preparation: 3.1s
Epoch: 179 (199.0s)  LR: 0.00001 Train Loss: 2.35  Valid Loss: 4.53  Valid NDCG: 0.5212
Data Preparation: 2.9s
Epoch: 180 (186.8s)  LR: 0.00000 Train Loss: 2.33  Valid Loss: 4.47  Valid NDCG: 0.5227
Data Preparation: 2.9s
Epoch: 181 (198.8s)  LR: 0.00002 Train Loss: 2.30  Valid Loss: 4.37  Valid NDCG: 0.5608
Data Preparation: 3.1s
Epoch: 182 (202.5s)  LR: 0.00005 Train Loss: 2.30  Valid Loss: 4.40  Valid NDCG: 0.5226
Data Preparation: 3.2s
Epoch: 183 (187.5s)  LR: 0.00011 Train Loss: 2.26  Valid Loss: 4.69  Valid NDCG: 0.4647
Data Preparation: 3.1s
Epoch: 184 (265.5s)  LR: 0.00018 Train Loss: 2.20  Valid Loss: 4.26  Valid NDCG: 0.5239
Data Preparation: 3.0s
Epoch: 185 (185.4s)  LR: 0.00026 Train Loss: 2.16  Valid Loss: 4.72  Valid NDCG: 0.5233
Data Preparation: 3.0s
Epoch: 186 (195.4s)  LR: 0.00035 Train Loss: 2.13  Valid Loss: 4.45  Valid NDCG: 0.5256
Data Preparation: 2.8s
Epoch: 187 (185.7s)  LR: 0.00045 Train Loss: 2.08  Valid Loss: 4.28  Valid NDCG: 0.5332
Data Preparation: 3.3s
Epoch: 188 (195.2s)  LR: 0.00055 Train Loss: 2.06  Valid Loss: 4.13  Valid NDCG: 0.5292
Data Preparation: 3.2s
Epoch: 189 (191.7s)  LR: 0.00065 Train Loss: 2.03  Valid Loss: 4.55  Valid NDCG: 0.5302
Data Preparation: 3.0s
Epoch: 190 (189.1s)  LR: 0.00074 Train Loss: 2.07  Valid Loss: 4.45  Valid NDCG: 0.5080
Data Preparation: 3.0s
Epoch: 191 (186.7s)  LR: 0.00082 Train Loss: 2.07  Valid Loss: 4.48  Valid NDCG: 0.5004
Data Preparation: 2.9s
Epoch: 192 (179.8s)  LR: 0.00089 Train Loss: 2.09  Valid Loss: 5.08  Valid NDCG: 0.4600
Data Preparation: 3.0s
Epoch: 193 (186.7s)  LR: 0.00095 Train Loss: 2.07  Valid Loss: 5.20  Valid NDCG: 0.4311
Data Preparation: 2.8s
Epoch: 194 (184.1s)  LR: 0.00098 Train Loss: 2.05  Valid Loss: 5.23  Valid NDCG: 0.4743
Data Preparation: 2.7s
Epoch: 195 (180.8s)  LR: 0.00100 Train Loss: 2.11  Valid Loss: 4.52  Valid NDCG: 0.5154
Data Preparation: 2.9s
Epoch: 196 (186.5s)  LR: 0.00100 Train Loss: 2.14  Valid Loss: 5.15  Valid NDCG: 0.4579
Data Preparation: 3.1s
Epoch: 197 (192.0s)  LR: 0.00097 Train Loss: 2.16  Valid Loss: 4.43  Valid NDCG: 0.5349
Data Preparation: 3.0s
Epoch: 198 (186.8s)  LR: 0.00093 Train Loss: 2.13  Valid Loss: 4.63  Valid NDCG: 0.4999
Data Preparation: 3.2s
Epoch: 199 (192.6s)  LR: 0.00087 Train Loss: 2.12  Valid Loss: 5.11  Valid NDCG: 0.5052
Data Preparation: 2.9s
Epoch: 200 (202.7s)  LR: 0.00079 Train Loss: 2.07  Valid Loss: 4.96  Valid NDCG: 0.5098
Last Test NDCG: 0.4353
Last Test MRR:  0.2606
Best Test NDCG: 0.2660
Best Test MRR:  0.1072
Exception ignored in: <function Pool.__del__ at 0x7f61346d21f0>
Traceback (most recent call last):
  File "/data1/huangzg/anaconda3/envs/PY38_HGT/lib/python3.8/multiprocessing/pool.py", line 268, in __del__
  File "/data1/huangzg/anaconda3/envs/PY38_HGT/lib/python3.8/multiprocessing/queues.py", line 362, in put
AttributeError: 'NoneType' object has no attribute 'dumps'
