2021-04-18 21:00:27,106 - ReadData.py[line:23] - INFO: 读取数据开始。。。
2021-04-18 21:01:18,733 - ReadData.py[line:25] - INFO: 读取数据完毕。
2021-04-18 21:01:23,874 - ReadData.py[line:92] - INFO: 数据类型 train 共 148566 个节点
2021-04-18 21:01:23,875 - ReadData.py[line:92] - INFO: 数据类型 val 共 33744 个节点
2021-04-18 21:01:23,876 - ReadData.py[line:92] - INFO: 数据类型 test 共 46794 个节点
2021-04-18 21:01:26,200 - main_train_test.py[line:128] - INFO: epoch 0 训练数据生成开始。。。
2021-04-18 21:01:26,201 - main_train_test.py[line:89] - INFO: 多进程采样开始。。。
2021-04-18 21:01:39,492 - main_train_test.py[line:48] - INFO: 子进程采样一个batch节点开始...
2021-04-18 21:01:39,493 - main_train_test.py[line:48] - INFO: 子进程采样一个batch节点开始...
2021-04-18 21:01:39,495 - main_train_test.py[line:48] - INFO: 子进程采样一个batch节点开始...
2021-04-18 21:01:39,496 - main_train_test.py[line:48] - INFO: 子进程采样一个batch节点开始...
2021-04-18 21:01:39,498 - main_train_test.py[line:48] - INFO: 子进程采样一个batch节点开始...
2021-04-18 21:01:39,500 - main_train_test.py[line:48] - INFO: 子进程采样一个batch节点开始...
2021-04-18 21:01:39,501 - main_train_test.py[line:48] - INFO: 子进程采样一个batch节点开始...
2021-04-18 21:01:39,503 - main_train_test.py[line:48] - INFO: 子进程采样一个batch节点开始...
2021-04-18 21:01:39,504 - main_train_test.py[line:48] - INFO: 子进程采样一个batch节点开始...
2021-04-18 21:01:39,506 - main_train_test.py[line:48] - INFO: 子进程采样一个batch节点开始...
2021-04-18 21:01:39,507 - main_train_test.py[line:48] - INFO: 子进程采样一个batch节点开始...
2021-04-18 21:01:39,508 - main_train_test.py[line:48] - INFO: 子进程采样一个batch节点开始...
2021-04-18 21:01:39,510 - main_train_test.py[line:48] - INFO: 子进程采样一个batch节点开始...
2021-04-18 21:01:39,512 - main_train_test.py[line:48] - INFO: 子进程采样一个batch节点开始...
2021-04-18 21:01:39,513 - main_train_test.py[line:48] - INFO: 子进程采样一个batch节点开始...
2021-04-18 21:01:39,515 - main_train_test.py[line:48] - INFO: 子进程采样一个batch节点开始...
2021-04-18 21:01:39,518 - main_train_test.py[line:48] - INFO: 子进程采样一个batch节点开始...
2021-04-18 21:01:39,520 - main_train_test.py[line:48] - INFO: 子进程采样一个batch节点开始...
2021-04-18 21:01:39,521 - main_train_test.py[line:48] - INFO: 子进程采样一个batch节点开始...
2021-04-18 21:01:39,523 - main_train_test.py[line:48] - INFO: 子进程采样一个batch节点开始...
2021-04-18 21:01:39,524 - main_train_test.py[line:48] - INFO: 子进程采样一个batch节点开始...
2021-04-18 21:01:39,526 - main_train_test.py[line:48] - INFO: 子进程采样一个batch节点开始...
2021-04-18 21:01:39,527 - main_train_test.py[line:48] - INFO: 子进程采样一个batch节点开始...
2021-04-18 21:01:39,529 - main_train_test.py[line:48] - INFO: 子进程采样一个batch节点开始...
2021-04-18 21:01:39,531 - main_train_test.py[line:48] - INFO: 子进程采样一个batch节点开始...
2021-04-18 21:01:39,532 - main_train_test.py[line:48] - INFO: 子进程采样一个batch节点开始...
2021-04-18 21:01:39,534 - main_train_test.py[line:48] - INFO: 子进程采样一个batch节点开始...
2021-04-18 21:01:39,537 - main_train_test.py[line:48] - INFO: 子进程采样一个batch节点开始...
2021-04-18 21:01:39,540 - main_train_test.py[line:48] - INFO: 子进程采样一个batch节点开始...
2021-04-18 21:01:39,545 - main_train_test.py[line:48] - INFO: 子进程采样一个batch节点开始...
2021-04-18 21:01:39,549 - main_train_test.py[line:48] - INFO: 子进程采样一个batch节点开始...
2021-04-18 21:01:39,552 - main_train_test.py[line:48] - INFO: 子进程采样一个batch节点开始...
2021-04-18 21:02:20,463 - main_train_test.py[line:67] - INFO: 子进程采样一个batch节点开始...
2021-04-18 21:02:21,037 - main_train_test.py[line:67] - INFO: 子进程采样一个batch节点开始...
2021-04-18 21:02:21,881 - main_train_test.py[line:67] - INFO: 子进程采样一个batch节点开始...
2021-04-18 21:02:24,302 - main_train_test.py[line:67] - INFO: 子进程采样一个batch节点开始...
2021-04-18 21:02:24,738 - main_train_test.py[line:67] - INFO: 子进程采样一个batch节点开始...
2021-04-18 21:02:25,166 - main_train_test.py[line:67] - INFO: 子进程采样一个batch节点开始...
2021-04-18 21:02:25,616 - main_train_test.py[line:67] - INFO: 子进程采样一个batch节点开始...
2021-04-18 21:02:26,404 - main_train_test.py[line:67] - INFO: 子进程采样一个batch节点开始...
2021-04-18 21:02:26,990 - main_train_test.py[line:67] - INFO: 子进程采样一个batch节点开始...
2021-04-18 21:02:27,045 - main_train_test.py[line:67] - INFO: 子进程采样一个batch节点开始...
2021-04-18 21:02:27,116 - main_train_test.py[line:67] - INFO: 子进程采样一个batch节点开始...
2021-04-18 21:02:27,788 - main_train_test.py[line:67] - INFO: 子进程采样一个batch节点开始...
2021-04-18 21:02:28,032 - main_train_test.py[line:67] - INFO: 子进程采样一个batch节点开始...
2021-04-18 21:02:28,925 - main_train_test.py[line:67] - INFO: 子进程采样一个batch节点开始...
2021-04-18 21:02:29,530 - main_train_test.py[line:67] - INFO: 子进程采样一个batch节点开始...
2021-04-18 21:02:29,566 - main_train_test.py[line:67] - INFO: 子进程采样一个batch节点开始...
2021-04-18 21:02:29,589 - main_train_test.py[line:67] - INFO: 子进程采样一个batch节点开始...
2021-04-18 21:02:30,711 - main_train_test.py[line:67] - INFO: 子进程采样一个batch节点开始...
2021-04-18 21:02:31,196 - main_train_test.py[line:67] - INFO: 子进程采样一个batch节点开始...
2021-04-18 21:02:31,344 - main_train_test.py[line:67] - INFO: 子进程采样一个batch节点开始...
2021-04-18 21:02:31,621 - main_train_test.py[line:67] - INFO: 子进程采样一个batch节点开始...
2021-04-18 21:02:33,512 - main_train_test.py[line:67] - INFO: 子进程采样一个batch节点开始...
2021-04-18 21:02:33,684 - main_train_test.py[line:67] - INFO: 子进程采样一个batch节点开始...
2021-04-18 21:02:33,987 - main_train_test.py[line:67] - INFO: 子进程采样一个batch节点开始...
2021-04-18 21:02:34,011 - main_train_test.py[line:67] - INFO: 子进程采样一个batch节点开始...
2021-04-18 21:02:34,052 - main_train_test.py[line:67] - INFO: 子进程采样一个batch节点开始...
2021-04-18 21:02:34,218 - main_train_test.py[line:67] - INFO: 子进程采样一个batch节点开始...
2021-04-18 21:02:35,334 - main_train_test.py[line:67] - INFO: 子进程采样一个batch节点开始...
2021-04-18 21:02:36,252 - main_train_test.py[line:67] - INFO: 子进程采样一个batch节点开始...
2021-04-18 21:02:36,309 - main_train_test.py[line:67] - INFO: 子进程采样一个batch节点开始...
2021-04-18 21:02:46,548 - main_train_test.py[line:67] - INFO: 子进程采样一个batch节点开始...
2021-04-18 21:02:48,688 - main_train_test.py[line:67] - INFO: 子进程采样一个batch节点开始...
2021-04-18 21:02:50,523 - main_train_test.py[line:116] - INFO: 多进程采样结束。
2021-04-18 21:02:50,526 - main_train_test.py[line:140] - INFO: epoch 0 训练数据生成完毕
2021-04-18 21:02:50,526 - main_train_test.py[line:141] - INFO: epoch 0 验证数据生成开始。。。
2021-04-18 21:02:50,527 - main_train_test.py[line:89] - INFO: 多进程采样开始。。。
2021-04-18 21:03:05,256 - main_train_test.py[line:48] - INFO: 子进程采样一个batch节点开始...
2021-04-18 21:03:26,517 - main_train_test.py[line:67] - INFO: 子进程采样一个batch节点开始...
2021-04-18 21:03:27,709 - main_train_test.py[line:116] - INFO: 多进程采样结束。
2021-04-18 21:03:27,711 - main_train_test.py[line:153] - INFO: epoch 0 验证数据生成完毕
2021-04-18 21:03:27,711 - TrainModel.py[line:38] - INFO: epoch %d 训练开始。。。
2021-04-18 21:05:39,212 - main_train_test.py[line:89] - INFO: 多进程采样开始。。。
2021-04-18 21:05:54,348 - main_train_test.py[line:48] - INFO: 子进程采样一个batch节点开始...
2021-04-18 21:05:54,349 - main_train_test.py[line:48] - INFO: 子进程采样一个batch节点开始...
2021-04-18 21:05:54,349 - main_train_test.py[line:48] - INFO: 子进程采样一个batch节点开始...
2021-04-18 21:05:54,349 - main_train_test.py[line:48] - INFO: 子进程采样一个batch节点开始...
2021-04-18 21:05:54,349 - main_train_test.py[line:48] - INFO: 子进程采样一个batch节点开始...
2021-04-18 21:05:54,351 - main_train_test.py[line:48] - INFO: 子进程采样一个batch节点开始...
2021-04-18 21:05:54,351 - main_train_test.py[line:48] - INFO: 子进程采样一个batch节点开始...
2021-04-18 21:05:54,354 - main_train_test.py[line:48] - INFO: 子进程采样一个batch节点开始...
2021-04-18 21:05:54,353 - main_train_test.py[line:48] - INFO: 子进程采样一个batch节点开始...
2021-04-18 21:05:54,353 - main_train_test.py[line:48] - INFO: 子进程采样一个batch节点开始...
2021-04-18 21:06:27,370 - main_train_test.py[line:67] - INFO: 子进程采样一个batch节点开始...
2021-04-18 21:06:27,949 - main_train_test.py[line:67] - INFO: 子进程采样一个batch节点开始...
2021-04-18 21:06:28,137 - main_train_test.py[line:67] - INFO: 子进程采样一个batch节点开始...
2021-04-18 21:06:28,162 - main_train_test.py[line:67] - INFO: 子进程采样一个batch节点开始...
2021-04-18 21:06:28,195 - main_train_test.py[line:67] - INFO: 子进程采样一个batch节点开始...
2021-04-18 21:06:28,326 - main_train_test.py[line:67] - INFO: 子进程采样一个batch节点开始...
2021-04-18 21:06:28,358 - main_train_test.py[line:67] - INFO: 子进程采样一个batch节点开始...
2021-04-18 21:06:28,665 - main_train_test.py[line:67] - INFO: 子进程采样一个batch节点开始...
2021-04-18 21:06:28,681 - main_train_test.py[line:67] - INFO: 子进程采样一个batch节点开始...
2021-04-18 21:06:28,701 - main_train_test.py[line:67] - INFO: 子进程采样一个batch节点开始...
2021-04-18 21:06:29,924 - main_train_test.py[line:116] - INFO: 多进程采样结束。
