2021-04-18 20:04:05,053 - ReadData.py[line:23] - INFO: 读取数据开始。。。
2021-04-18 20:04:55,744 - ReadData.py[line:25] - INFO: 读取数据完毕。
2021-04-18 20:05:00,852 - ReadData.py[line:92] - INFO: 数据类型 train 共 148566 个节点
2021-04-18 20:05:00,852 - ReadData.py[line:92] - INFO: 数据类型 val 共 33744 个节点
2021-04-18 20:05:00,854 - ReadData.py[line:92] - INFO: 数据类型 test 共 46794 个节点
2021-04-18 20:05:03,128 - main_train_test.py[line:127] - INFO: epoch 0 训练数据生成开始。。。
2021-04-18 20:05:03,129 - main_train_test.py[line:89] - INFO: 多进程采样开始。。。
2021-04-18 20:05:14,980 - main_train_test.py[line:48] - INFO: 子进程采样一个batch节点开始...
2021-04-18 20:05:14,981 - main_train_test.py[line:48] - INFO: 子进程采样一个batch节点开始...
2021-04-18 20:05:14,983 - main_train_test.py[line:48] - INFO: 子进程采样一个batch节点开始...
2021-04-18 20:05:14,985 - main_train_test.py[line:48] - INFO: 子进程采样一个batch节点开始...
2021-04-18 20:05:14,986 - main_train_test.py[line:48] - INFO: 子进程采样一个batch节点开始...
2021-04-18 20:05:14,987 - main_train_test.py[line:48] - INFO: 子进程采样一个batch节点开始...
2021-04-18 20:05:14,989 - main_train_test.py[line:48] - INFO: 子进程采样一个batch节点开始...
2021-04-18 20:05:14,991 - main_train_test.py[line:48] - INFO: 子进程采样一个batch节点开始...
2021-04-18 20:05:14,992 - main_train_test.py[line:48] - INFO: 子进程采样一个batch节点开始...
2021-04-18 20:05:14,994 - main_train_test.py[line:48] - INFO: 子进程采样一个batch节点开始...
2021-04-18 20:05:14,995 - main_train_test.py[line:48] - INFO: 子进程采样一个batch节点开始...
2021-04-18 20:05:14,997 - main_train_test.py[line:48] - INFO: 子进程采样一个batch节点开始...
2021-04-18 20:05:14,998 - main_train_test.py[line:48] - INFO: 子进程采样一个batch节点开始...
2021-04-18 20:05:15,000 - main_train_test.py[line:48] - INFO: 子进程采样一个batch节点开始...
2021-04-18 20:05:15,002 - main_train_test.py[line:48] - INFO: 子进程采样一个batch节点开始...
2021-04-18 20:05:15,004 - main_train_test.py[line:48] - INFO: 子进程采样一个batch节点开始...
2021-04-18 20:05:15,006 - main_train_test.py[line:48] - INFO: 子进程采样一个batch节点开始...
2021-04-18 20:05:15,009 - main_train_test.py[line:48] - INFO: 子进程采样一个batch节点开始...
2021-04-18 20:05:15,010 - main_train_test.py[line:48] - INFO: 子进程采样一个batch节点开始...
2021-04-18 20:05:15,012 - main_train_test.py[line:48] - INFO: 子进程采样一个batch节点开始...
2021-04-18 20:05:15,014 - main_train_test.py[line:48] - INFO: 子进程采样一个batch节点开始...
2021-04-18 20:05:15,016 - main_train_test.py[line:48] - INFO: 子进程采样一个batch节点开始...
2021-04-18 20:05:15,018 - main_train_test.py[line:48] - INFO: 子进程采样一个batch节点开始...
2021-04-18 20:05:15,021 - main_train_test.py[line:48] - INFO: 子进程采样一个batch节点开始...
2021-04-18 20:05:15,022 - main_train_test.py[line:48] - INFO: 子进程采样一个batch节点开始...
2021-04-18 20:05:15,024 - main_train_test.py[line:48] - INFO: 子进程采样一个batch节点开始...
2021-04-18 20:05:15,024 - main_train_test.py[line:48] - INFO: 子进程采样一个batch节点开始...
2021-04-18 20:05:15,026 - main_train_test.py[line:48] - INFO: 子进程采样一个batch节点开始...
2021-04-18 20:05:15,027 - main_train_test.py[line:48] - INFO: 子进程采样一个batch节点开始...
2021-04-18 20:05:15,028 - main_train_test.py[line:48] - INFO: 子进程采样一个batch节点开始...
2021-04-18 20:05:15,029 - main_train_test.py[line:48] - INFO: 子进程采样一个batch节点开始...
2021-04-18 20:05:15,283 - main_train_test.py[line:48] - INFO: 子进程采样一个batch节点开始...
