2021-04-18 21:18:39,226 - ReadData.py[line:23] - INFO: 读取数据开始。。。
2021-04-18 21:19:40,975 - ReadData.py[line:25] - INFO: 读取数据完毕。
2021-04-18 21:19:47,341 - ReadData.py[line:92] - INFO: 数据类型 train 共 148566 个节点
2021-04-18 21:19:47,342 - ReadData.py[line:92] - INFO: 数据类型 val 共 33744 个节点
2021-04-18 21:19:47,343 - ReadData.py[line:92] - INFO: 数据类型 test 共 46794 个节点
2021-04-18 21:19:49,607 - main_train_test.py[line:128] - INFO: epoch 0 训练数据生成开始。。。
2021-04-18 21:19:49,608 - main_train_test.py[line:89] - INFO: 多进程采样开始。。。
2021-04-18 21:20:05,392 - main_train_test.py[line:48] - INFO: 子进程采样一个batch节点开始...
2021-04-18 21:20:05,393 - main_train_test.py[line:48] - INFO: 子进程采样一个batch节点开始...
2021-04-18 21:20:05,395 - main_train_test.py[line:48] - INFO: 子进程采样一个batch节点开始...
2021-04-18 21:20:05,396 - main_train_test.py[line:48] - INFO: 子进程采样一个batch节点开始...
2021-04-18 21:20:05,398 - main_train_test.py[line:48] - INFO: 子进程采样一个batch节点开始...
2021-04-18 21:20:05,399 - main_train_test.py[line:48] - INFO: 子进程采样一个batch节点开始...
2021-04-18 21:20:05,401 - main_train_test.py[line:48] - INFO: 子进程采样一个batch节点开始...
2021-04-18 21:20:05,402 - main_train_test.py[line:48] - INFO: 子进程采样一个batch节点开始...
2021-04-18 21:20:05,403 - main_train_test.py[line:48] - INFO: 子进程采样一个batch节点开始...
2021-04-18 21:20:05,405 - main_train_test.py[line:48] - INFO: 子进程采样一个batch节点开始...
2021-04-18 21:20:05,406 - main_train_test.py[line:48] - INFO: 子进程采样一个batch节点开始...
2021-04-18 21:20:05,407 - main_train_test.py[line:48] - INFO: 子进程采样一个batch节点开始...
2021-04-18 21:20:05,409 - main_train_test.py[line:48] - INFO: 子进程采样一个batch节点开始...
2021-04-18 21:20:05,411 - main_train_test.py[line:48] - INFO: 子进程采样一个batch节点开始...
2021-04-18 21:20:05,415 - main_train_test.py[line:48] - INFO: 子进程采样一个batch节点开始...
2021-04-18 21:20:05,417 - main_train_test.py[line:48] - INFO: 子进程采样一个batch节点开始...
2021-04-18 21:20:05,418 - main_train_test.py[line:48] - INFO: 子进程采样一个batch节点开始...
2021-04-18 21:20:05,420 - main_train_test.py[line:48] - INFO: 子进程采样一个batch节点开始...
2021-04-18 21:20:05,422 - main_train_test.py[line:48] - INFO: 子进程采样一个batch节点开始...
2021-04-18 21:20:05,423 - main_train_test.py[line:48] - INFO: 子进程采样一个batch节点开始...
2021-04-18 21:20:05,425 - main_train_test.py[line:48] - INFO: 子进程采样一个batch节点开始...
2021-04-18 21:20:05,427 - main_train_test.py[line:48] - INFO: 子进程采样一个batch节点开始...
2021-04-18 21:20:05,428 - main_train_test.py[line:48] - INFO: 子进程采样一个batch节点开始...
2021-04-18 21:20:05,430 - main_train_test.py[line:48] - INFO: 子进程采样一个batch节点开始...
2021-04-18 21:20:05,431 - main_train_test.py[line:48] - INFO: 子进程采样一个batch节点开始...
2021-04-18 21:20:05,433 - main_train_test.py[line:48] - INFO: 子进程采样一个batch节点开始...
2021-04-18 21:20:05,435 - main_train_test.py[line:48] - INFO: 子进程采样一个batch节点开始...
2021-04-18 21:20:05,437 - main_train_test.py[line:48] - INFO: 子进程采样一个batch节点开始...
2021-04-18 21:20:05,440 - main_train_test.py[line:48] - INFO: 子进程采样一个batch节点开始...
2021-04-18 21:20:05,443 - main_train_test.py[line:48] - INFO: 子进程采样一个batch节点开始...
2021-04-18 21:20:05,445 - main_train_test.py[line:48] - INFO: 子进程采样一个batch节点开始...
2021-04-18 21:20:05,448 - main_train_test.py[line:48] - INFO: 子进程采样一个batch节点开始...
2021-04-18 21:20:42,753 - main_train_test.py[line:67] - INFO: 子进程采样一个batch节点开始...
2021-04-18 21:20:44,644 - main_train_test.py[line:67] - INFO: 子进程采样一个batch节点开始...
2021-04-18 21:20:45,355 - main_train_test.py[line:67] - INFO: 子进程采样一个batch节点开始...
2021-04-18 21:20:45,431 - main_train_test.py[line:67] - INFO: 子进程采样一个batch节点开始...
2021-04-18 21:20:46,499 - main_train_test.py[line:67] - INFO: 子进程采样一个batch节点开始...
2021-04-18 21:20:47,532 - main_train_test.py[line:67] - INFO: 子进程采样一个batch节点开始...
2021-04-18 21:20:49,528 - main_train_test.py[line:67] - INFO: 子进程采样一个batch节点开始...
2021-04-18 21:20:49,535 - main_train_test.py[line:67] - INFO: 子进程采样一个batch节点开始...
2021-04-18 21:20:50,540 - main_train_test.py[line:67] - INFO: 子进程采样一个batch节点开始...
2021-04-18 21:20:50,582 - main_train_test.py[line:67] - INFO: 子进程采样一个batch节点开始...
2021-04-18 21:20:51,119 - main_train_test.py[line:67] - INFO: 子进程采样一个batch节点开始...
2021-04-18 21:20:52,236 - main_train_test.py[line:67] - INFO: 子进程采样一个batch节点开始...
2021-04-18 21:20:52,245 - main_train_test.py[line:67] - INFO: 子进程采样一个batch节点开始...
2021-04-18 21:20:53,779 - main_train_test.py[line:67] - INFO: 子进程采样一个batch节点开始...
2021-04-18 21:20:53,979 - main_train_test.py[line:67] - INFO: 子进程采样一个batch节点开始...
2021-04-18 21:20:55,253 - main_train_test.py[line:67] - INFO: 子进程采样一个batch节点开始...
2021-04-18 21:20:55,880 - main_train_test.py[line:67] - INFO: 子进程采样一个batch节点开始...
2021-04-18 21:20:56,123 - main_train_test.py[line:67] - INFO: 子进程采样一个batch节点开始...
2021-04-18 21:20:57,137 - main_train_test.py[line:67] - INFO: 子进程采样一个batch节点开始...
2021-04-18 21:20:59,436 - main_train_test.py[line:67] - INFO: 子进程采样一个batch节点开始...
2021-04-18 21:20:59,793 - main_train_test.py[line:67] - INFO: 子进程采样一个batch节点开始...
2021-04-18 21:20:59,805 - main_train_test.py[line:67] - INFO: 子进程采样一个batch节点开始...
2021-04-18 21:21:01,364 - main_train_test.py[line:67] - INFO: 子进程采样一个batch节点开始...
2021-04-18 21:21:01,381 - main_train_test.py[line:67] - INFO: 子进程采样一个batch节点开始...
2021-04-18 21:21:01,524 - main_train_test.py[line:67] - INFO: 子进程采样一个batch节点开始...
2021-04-18 21:21:02,239 - main_train_test.py[line:67] - INFO: 子进程采样一个batch节点开始...
2021-04-18 21:21:02,532 - main_train_test.py[line:67] - INFO: 子进程采样一个batch节点开始...
2021-04-18 21:21:02,849 - main_train_test.py[line:67] - INFO: 子进程采样一个batch节点开始...
2021-04-18 21:21:03,786 - main_train_test.py[line:67] - INFO: 子进程采样一个batch节点开始...
2021-04-18 21:21:03,884 - main_train_test.py[line:67] - INFO: 子进程采样一个batch节点开始...
2021-04-18 21:21:05,601 - main_train_test.py[line:67] - INFO: 子进程采样一个batch节点开始...
2021-04-18 21:21:08,647 - main_train_test.py[line:67] - INFO: 子进程采样一个batch节点开始...
2021-04-18 21:21:10,432 - main_train_test.py[line:116] - INFO: 多进程采样结束。
2021-04-18 21:21:10,434 - main_train_test.py[line:140] - INFO: epoch 0 训练数据生成完毕
2021-04-18 21:21:10,434 - main_train_test.py[line:141] - INFO: epoch 0 验证数据生成开始。。。
2021-04-18 21:21:10,434 - main_train_test.py[line:89] - INFO: 多进程采样开始。。。
2021-04-18 21:21:28,646 - main_train_test.py[line:48] - INFO: 子进程采样一个batch节点开始...
2021-04-18 21:22:01,588 - main_train_test.py[line:67] - INFO: 子进程采样一个batch节点开始...
2021-04-18 21:22:02,707 - main_train_test.py[line:116] - INFO: 多进程采样结束。
2021-04-18 21:22:02,709 - main_train_test.py[line:153] - INFO: epoch 0 验证数据生成完毕
2021-04-18 21:22:02,709 - TrainModel.py[line:38] - INFO: epoch %d 训练开始。。。
2021-04-18 21:24:18,611 - TrainModel.py[line:76] - INFO: epoch 0 训练结束
2021-04-18 21:24:18,612 - TrainModel.py[line:80] - INFO: epoch 0 valid 开始。。。
2021-04-18 21:24:56,772 - main_train_test.py[line:89] - INFO: 多进程采样开始。。。
2021-04-18 21:25:15,127 - main_train_test.py[line:48] - INFO: 子进程采样一个batch节点开始...
2021-04-18 21:25:15,127 - main_train_test.py[line:48] - INFO: 子进程采样一个batch节点开始...
2021-04-18 21:25:15,127 - main_train_test.py[line:48] - INFO: 子进程采样一个batch节点开始...
2021-04-18 21:25:15,127 - main_train_test.py[line:48] - INFO: 子进程采样一个batch节点开始...
2021-04-18 21:25:15,127 - main_train_test.py[line:48] - INFO: 子进程采样一个batch节点开始...
2021-04-18 21:25:15,128 - main_train_test.py[line:48] - INFO: 子进程采样一个batch节点开始...
2021-04-18 21:25:15,128 - main_train_test.py[line:48] - INFO: 子进程采样一个batch节点开始...
2021-04-18 21:25:15,128 - main_train_test.py[line:48] - INFO: 子进程采样一个batch节点开始...
2021-04-18 21:25:15,128 - main_train_test.py[line:48] - INFO: 子进程采样一个batch节点开始...
2021-04-18 21:25:15,128 - main_train_test.py[line:48] - INFO: 子进程采样一个batch节点开始...
2021-04-18 21:25:50,884 - main_train_test.py[line:67] - INFO: 子进程采样一个batch节点开始...
2021-04-18 21:25:51,683 - main_train_test.py[line:67] - INFO: 子进程采样一个batch节点开始...
2021-04-18 21:25:52,371 - main_train_test.py[line:67] - INFO: 子进程采样一个batch节点开始...
2021-04-18 21:25:56,251 - main_train_test.py[line:67] - INFO: 子进程采样一个batch节点开始...
2021-04-18 21:25:57,313 - main_train_test.py[line:67] - INFO: 子进程采样一个batch节点开始...
2021-04-18 21:25:58,693 - main_train_test.py[line:67] - INFO: 子进程采样一个batch节点开始...
2021-04-18 21:25:58,834 - main_train_test.py[line:67] - INFO: 子进程采样一个batch节点开始...
2021-04-18 21:25:58,943 - main_train_test.py[line:67] - INFO: 子进程采样一个batch节点开始...
2021-04-18 21:25:59,264 - main_train_test.py[line:67] - INFO: 子进程采样一个batch节点开始...
2021-04-18 21:25:59,363 - main_train_test.py[line:67] - INFO: 子进程采样一个batch节点开始...
2021-04-18 21:26:00,574 - main_train_test.py[line:116] - INFO: 多进程采样结束。
