2021-04-18 20:15:40,781 - ReadData.py[line:23] - INFO: 读取数据开始。。。
2021-04-18 20:16:34,854 - ReadData.py[line:25] - INFO: 读取数据完毕。
2021-04-18 20:16:40,696 - ReadData.py[line:92] - INFO: 数据类型 train 共 148566 个节点
2021-04-18 20:16:40,697 - ReadData.py[line:92] - INFO: 数据类型 val 共 33744 个节点
2021-04-18 20:16:40,698 - ReadData.py[line:92] - INFO: 数据类型 test 共 46794 个节点
2021-04-18 20:16:42,921 - main_train_test.py[line:127] - INFO: epoch 0 训练数据生成开始。。。
2021-04-18 20:16:42,921 - main_train_test.py[line:89] - INFO: 多进程采样开始。。。
2021-04-18 20:16:55,624 - main_train_test.py[line:48] - INFO: 子进程采样一个batch节点开始...
2021-04-18 20:16:55,626 - main_train_test.py[line:48] - INFO: 子进程采样一个batch节点开始...
2021-04-18 20:16:55,627 - main_train_test.py[line:48] - INFO: 子进程采样一个batch节点开始...
2021-04-18 20:16:55,629 - main_train_test.py[line:48] - INFO: 子进程采样一个batch节点开始...
2021-04-18 20:16:55,630 - main_train_test.py[line:48] - INFO: 子进程采样一个batch节点开始...
2021-04-18 20:16:55,631 - main_train_test.py[line:48] - INFO: 子进程采样一个batch节点开始...
2021-04-18 20:16:55,632 - main_train_test.py[line:48] - INFO: 子进程采样一个batch节点开始...
2021-04-18 20:16:55,633 - main_train_test.py[line:48] - INFO: 子进程采样一个batch节点开始...
2021-04-18 20:16:55,634 - main_train_test.py[line:48] - INFO: 子进程采样一个batch节点开始...
2021-04-18 20:16:55,637 - main_train_test.py[line:48] - INFO: 子进程采样一个batch节点开始...
2021-04-18 20:16:55,638 - main_train_test.py[line:48] - INFO: 子进程采样一个batch节点开始...
2021-04-18 20:16:55,639 - main_train_test.py[line:48] - INFO: 子进程采样一个batch节点开始...
2021-04-18 20:16:55,642 - main_train_test.py[line:48] - INFO: 子进程采样一个batch节点开始...
2021-04-18 20:16:55,643 - main_train_test.py[line:48] - INFO: 子进程采样一个batch节点开始...
2021-04-18 20:16:55,642 - main_train_test.py[line:48] - INFO: 子进程采样一个batch节点开始...
2021-04-18 20:16:55,642 - main_train_test.py[line:48] - INFO: 子进程采样一个batch节点开始...
2021-04-18 20:16:55,644 - main_train_test.py[line:48] - INFO: 子进程采样一个batch节点开始...
2021-04-18 20:16:55,645 - main_train_test.py[line:48] - INFO: 子进程采样一个batch节点开始...
2021-04-18 20:16:55,646 - main_train_test.py[line:48] - INFO: 子进程采样一个batch节点开始...
2021-04-18 20:16:55,647 - main_train_test.py[line:48] - INFO: 子进程采样一个batch节点开始...
2021-04-18 20:16:55,648 - main_train_test.py[line:48] - INFO: 子进程采样一个batch节点开始...
2021-04-18 20:16:55,649 - main_train_test.py[line:48] - INFO: 子进程采样一个batch节点开始...
2021-04-18 20:16:55,651 - main_train_test.py[line:48] - INFO: 子进程采样一个batch节点开始...
2021-04-18 20:16:55,652 - main_train_test.py[line:48] - INFO: 子进程采样一个batch节点开始...
2021-04-18 20:16:55,652 - main_train_test.py[line:48] - INFO: 子进程采样一个batch节点开始...
2021-04-18 20:16:55,653 - main_train_test.py[line:48] - INFO: 子进程采样一个batch节点开始...
2021-04-18 20:16:55,654 - main_train_test.py[line:48] - INFO: 子进程采样一个batch节点开始...
2021-04-18 20:16:55,655 - main_train_test.py[line:48] - INFO: 子进程采样一个batch节点开始...
2021-04-18 20:16:55,656 - main_train_test.py[line:48] - INFO: 子进程采样一个batch节点开始...
2021-04-18 20:16:55,658 - main_train_test.py[line:48] - INFO: 子进程采样一个batch节点开始...
2021-04-18 20:16:55,659 - main_train_test.py[line:48] - INFO: 子进程采样一个batch节点开始...
2021-04-18 20:16:55,919 - main_train_test.py[line:48] - INFO: 子进程采样一个batch节点开始...
