2021-04-18 20:56:21,775 - ReadData.py[line:23] - INFO: 读取数据开始。。。
2021-04-18 20:57:14,859 - ReadData.py[line:25] - INFO: 读取数据完毕。
2021-04-18 20:57:19,951 - ReadData.py[line:92] - INFO: 数据类型 train 共 148566 个节点
2021-04-18 20:57:19,952 - ReadData.py[line:92] - INFO: 数据类型 val 共 33744 个节点
2021-04-18 20:57:19,954 - ReadData.py[line:92] - INFO: 数据类型 test 共 46794 个节点
2021-04-18 20:57:22,092 - main_train_test.py[line:128] - INFO: epoch 0 训练数据生成开始。。。
2021-04-18 20:57:22,092 - main_train_test.py[line:89] - INFO: 多进程采样开始。。。
2021-04-18 20:57:35,157 - main_train_test.py[line:48] - INFO: 子进程采样一个batch节点开始...
2021-04-18 20:57:35,158 - main_train_test.py[line:48] - INFO: 子进程采样一个batch节点开始...
2021-04-18 20:57:35,159 - main_train_test.py[line:48] - INFO: 子进程采样一个batch节点开始...
2021-04-18 20:57:35,160 - main_train_test.py[line:48] - INFO: 子进程采样一个batch节点开始...
2021-04-18 20:57:35,161 - main_train_test.py[line:48] - INFO: 子进程采样一个batch节点开始...
2021-04-18 20:57:35,163 - main_train_test.py[line:48] - INFO: 子进程采样一个batch节点开始...
2021-04-18 20:57:35,164 - main_train_test.py[line:48] - INFO: 子进程采样一个batch节点开始...
2021-04-18 20:57:35,165 - main_train_test.py[line:48] - INFO: 子进程采样一个batch节点开始...
2021-04-18 20:57:35,166 - main_train_test.py[line:48] - INFO: 子进程采样一个batch节点开始...
2021-04-18 20:57:35,167 - main_train_test.py[line:48] - INFO: 子进程采样一个batch节点开始...
2021-04-18 20:57:35,168 - main_train_test.py[line:48] - INFO: 子进程采样一个batch节点开始...
2021-04-18 20:57:35,169 - main_train_test.py[line:48] - INFO: 子进程采样一个batch节点开始...
2021-04-18 20:57:35,170 - main_train_test.py[line:48] - INFO: 子进程采样一个batch节点开始...
2021-04-18 20:57:35,171 - main_train_test.py[line:48] - INFO: 子进程采样一个batch节点开始...
2021-04-18 20:57:35,173 - main_train_test.py[line:48] - INFO: 子进程采样一个batch节点开始...
2021-04-18 20:57:35,175 - main_train_test.py[line:48] - INFO: 子进程采样一个batch节点开始...
2021-04-18 20:57:35,177 - main_train_test.py[line:48] - INFO: 子进程采样一个batch节点开始...
2021-04-18 20:57:35,179 - main_train_test.py[line:48] - INFO: 子进程采样一个batch节点开始...
2021-04-18 20:57:35,180 - main_train_test.py[line:48] - INFO: 子进程采样一个batch节点开始...
2021-04-18 20:57:35,182 - main_train_test.py[line:48] - INFO: 子进程采样一个batch节点开始...
2021-04-18 20:57:35,183 - main_train_test.py[line:48] - INFO: 子进程采样一个batch节点开始...
2021-04-18 20:57:35,185 - main_train_test.py[line:48] - INFO: 子进程采样一个batch节点开始...
2021-04-18 20:57:35,187 - main_train_test.py[line:48] - INFO: 子进程采样一个batch节点开始...
2021-04-18 20:57:35,188 - main_train_test.py[line:48] - INFO: 子进程采样一个batch节点开始...
2021-04-18 20:57:35,190 - main_train_test.py[line:48] - INFO: 子进程采样一个batch节点开始...
2021-04-18 20:57:35,193 - main_train_test.py[line:48] - INFO: 子进程采样一个batch节点开始...
2021-04-18 20:57:35,196 - main_train_test.py[line:48] - INFO: 子进程采样一个batch节点开始...
2021-04-18 20:57:35,199 - main_train_test.py[line:48] - INFO: 子进程采样一个batch节点开始...
2021-04-18 20:57:35,202 - main_train_test.py[line:48] - INFO: 子进程采样一个batch节点开始...
2021-04-18 20:57:35,204 - main_train_test.py[line:48] - INFO: 子进程采样一个batch节点开始...
2021-04-18 20:57:35,207 - main_train_test.py[line:48] - INFO: 子进程采样一个batch节点开始...
2021-04-18 20:57:35,209 - main_train_test.py[line:48] - INFO: 子进程采样一个batch节点开始...
2021-04-18 20:58:16,070 - main_train_test.py[line:67] - INFO: 子进程采样一个batch节点开始...
2021-04-18 20:58:16,959 - main_train_test.py[line:67] - INFO: 子进程采样一个batch节点开始...
2021-04-18 20:58:20,125 - main_train_test.py[line:67] - INFO: 子进程采样一个batch节点开始...
2021-04-18 20:58:20,519 - main_train_test.py[line:67] - INFO: 子进程采样一个batch节点开始...
2021-04-18 20:58:22,611 - main_train_test.py[line:67] - INFO: 子进程采样一个batch节点开始...
2021-04-18 20:58:23,193 - main_train_test.py[line:67] - INFO: 子进程采样一个batch节点开始...
2021-04-18 20:58:23,993 - main_train_test.py[line:67] - INFO: 子进程采样一个batch节点开始...
2021-04-18 20:58:24,406 - main_train_test.py[line:67] - INFO: 子进程采样一个batch节点开始...
2021-04-18 20:58:25,267 - main_train_test.py[line:67] - INFO: 子进程采样一个batch节点开始...
2021-04-18 20:58:25,503 - main_train_test.py[line:67] - INFO: 子进程采样一个batch节点开始...
2021-04-18 20:58:26,422 - main_train_test.py[line:67] - INFO: 子进程采样一个batch节点开始...
2021-04-18 20:58:26,673 - main_train_test.py[line:67] - INFO: 子进程采样一个batch节点开始...
2021-04-18 20:58:26,795 - main_train_test.py[line:67] - INFO: 子进程采样一个batch节点开始...
2021-04-18 20:58:27,129 - main_train_test.py[line:67] - INFO: 子进程采样一个batch节点开始...
2021-04-18 20:58:27,262 - main_train_test.py[line:67] - INFO: 子进程采样一个batch节点开始...
2021-04-18 20:58:27,310 - main_train_test.py[line:67] - INFO: 子进程采样一个batch节点开始...
2021-04-18 20:58:27,601 - main_train_test.py[line:67] - INFO: 子进程采样一个batch节点开始...
2021-04-18 20:58:27,839 - main_train_test.py[line:67] - INFO: 子进程采样一个batch节点开始...
2021-04-18 20:58:27,909 - main_train_test.py[line:67] - INFO: 子进程采样一个batch节点开始...
2021-04-18 20:58:27,947 - main_train_test.py[line:67] - INFO: 子进程采样一个batch节点开始...
2021-04-18 20:58:28,163 - main_train_test.py[line:67] - INFO: 子进程采样一个batch节点开始...
2021-04-18 20:58:28,591 - main_train_test.py[line:67] - INFO: 子进程采样一个batch节点开始...
2021-04-18 20:58:28,916 - main_train_test.py[line:67] - INFO: 子进程采样一个batch节点开始...
2021-04-18 20:58:28,947 - main_train_test.py[line:67] - INFO: 子进程采样一个batch节点开始...
2021-04-18 20:58:29,260 - main_train_test.py[line:67] - INFO: 子进程采样一个batch节点开始...
2021-04-18 20:58:29,588 - main_train_test.py[line:67] - INFO: 子进程采样一个batch节点开始...
2021-04-18 20:58:31,021 - main_train_test.py[line:67] - INFO: 子进程采样一个batch节点开始...
2021-04-18 20:58:31,538 - main_train_test.py[line:67] - INFO: 子进程采样一个batch节点开始...
2021-04-18 20:58:37,206 - main_train_test.py[line:67] - INFO: 子进程采样一个batch节点开始...
2021-04-18 20:58:38,170 - main_train_test.py[line:67] - INFO: 子进程采样一个batch节点开始...
2021-04-18 20:58:39,403 - main_train_test.py[line:67] - INFO: 子进程采样一个batch节点开始...
2021-04-18 20:58:42,367 - main_train_test.py[line:67] - INFO: 子进程采样一个batch节点开始...
2021-04-18 20:58:44,318 - main_train_test.py[line:116] - INFO: 多进程采样结束。
2021-04-18 20:58:44,321 - main_train_test.py[line:140] - INFO: epoch 0 训练数据生成完毕
2021-04-18 20:58:44,321 - main_train_test.py[line:141] - INFO: epoch 0 验证数据生成开始。。。
2021-04-18 20:58:44,321 - main_train_test.py[line:89] - INFO: 多进程采样开始。。。
