2021-04-18 20:23:21,184 - ReadData.py[line:23] - INFO: 读取数据开始。。。
2021-04-18 20:24:19,945 - ReadData.py[line:25] - INFO: 读取数据完毕。
2021-04-18 20:24:28,891 - ReadData.py[line:92] - INFO: 数据类型 train 共 148566 个节点
2021-04-18 20:24:28,892 - ReadData.py[line:92] - INFO: 数据类型 val 共 33744 个节点
2021-04-18 20:24:28,893 - ReadData.py[line:92] - INFO: 数据类型 test 共 46794 个节点
2021-04-18 20:24:31,235 - main_train_test.py[line:127] - INFO: epoch 0 训练数据生成开始。。。
2021-04-18 20:24:31,235 - main_train_test.py[line:89] - INFO: 多进程采样开始。。。
2021-04-18 20:24:44,895 - main_train_test.py[line:48] - INFO: 子进程采样一个batch节点开始...
2021-04-18 20:24:44,897 - main_train_test.py[line:48] - INFO: 子进程采样一个batch节点开始...
2021-04-18 20:24:44,899 - main_train_test.py[line:48] - INFO: 子进程采样一个batch节点开始...
2021-04-18 20:24:44,900 - main_train_test.py[line:48] - INFO: 子进程采样一个batch节点开始...
2021-04-18 20:24:44,902 - main_train_test.py[line:48] - INFO: 子进程采样一个batch节点开始...
2021-04-18 20:24:44,903 - main_train_test.py[line:48] - INFO: 子进程采样一个batch节点开始...
2021-04-18 20:24:44,905 - main_train_test.py[line:48] - INFO: 子进程采样一个batch节点开始...
2021-04-18 20:24:44,907 - main_train_test.py[line:48] - INFO: 子进程采样一个batch节点开始...
2021-04-18 20:24:44,908 - main_train_test.py[line:48] - INFO: 子进程采样一个batch节点开始...
2021-04-18 20:24:44,910 - main_train_test.py[line:48] - INFO: 子进程采样一个batch节点开始...
2021-04-18 20:24:44,911 - main_train_test.py[line:48] - INFO: 子进程采样一个batch节点开始...
2021-04-18 20:24:44,912 - main_train_test.py[line:48] - INFO: 子进程采样一个batch节点开始...
2021-04-18 20:24:44,914 - main_train_test.py[line:48] - INFO: 子进程采样一个batch节点开始...
2021-04-18 20:24:44,916 - main_train_test.py[line:48] - INFO: 子进程采样一个batch节点开始...
2021-04-18 20:24:44,918 - main_train_test.py[line:48] - INFO: 子进程采样一个batch节点开始...
2021-04-18 20:24:44,920 - main_train_test.py[line:48] - INFO: 子进程采样一个batch节点开始...
2021-04-18 20:24:44,922 - main_train_test.py[line:48] - INFO: 子进程采样一个batch节点开始...
2021-04-18 20:24:44,924 - main_train_test.py[line:48] - INFO: 子进程采样一个batch节点开始...
2021-04-18 20:24:44,926 - main_train_test.py[line:48] - INFO: 子进程采样一个batch节点开始...
2021-04-18 20:24:44,927 - main_train_test.py[line:48] - INFO: 子进程采样一个batch节点开始...
2021-04-18 20:24:44,928 - main_train_test.py[line:48] - INFO: 子进程采样一个batch节点开始...
2021-04-18 20:24:44,930 - main_train_test.py[line:48] - INFO: 子进程采样一个batch节点开始...
2021-04-18 20:24:44,931 - main_train_test.py[line:48] - INFO: 子进程采样一个batch节点开始...
2021-04-18 20:24:44,932 - main_train_test.py[line:48] - INFO: 子进程采样一个batch节点开始...
2021-04-18 20:24:44,933 - main_train_test.py[line:48] - INFO: 子进程采样一个batch节点开始...
2021-04-18 20:24:44,935 - main_train_test.py[line:48] - INFO: 子进程采样一个batch节点开始...
2021-04-18 20:24:44,937 - main_train_test.py[line:48] - INFO: 子进程采样一个batch节点开始...
2021-04-18 20:24:44,941 - main_train_test.py[line:48] - INFO: 子进程采样一个batch节点开始...
2021-04-18 20:24:44,943 - main_train_test.py[line:48] - INFO: 子进程采样一个batch节点开始...
2021-04-18 20:24:44,946 - main_train_test.py[line:48] - INFO: 子进程采样一个batch节点开始...
2021-04-18 20:24:44,949 - main_train_test.py[line:48] - INFO: 子进程采样一个batch节点开始...
2021-04-18 20:24:44,952 - main_train_test.py[line:48] - INFO: 子进程采样一个batch节点开始...
