2021-04-18 20:26:50,947 - ReadData.py[line:23] - INFO: 读取数据开始。。。
2021-04-18 20:27:44,399 - ReadData.py[line:25] - INFO: 读取数据完毕。
2021-04-18 20:27:49,701 - ReadData.py[line:92] - INFO: 数据类型 train 共 148566 个节点
2021-04-18 20:27:49,702 - ReadData.py[line:92] - INFO: 数据类型 val 共 33744 个节点
2021-04-18 20:27:49,704 - ReadData.py[line:92] - INFO: 数据类型 test 共 46794 个节点
2021-04-18 20:27:51,894 - main_train_test.py[line:127] - INFO: epoch 0 训练数据生成开始。。。
2021-04-18 20:27:51,894 - main_train_test.py[line:89] - INFO: 多进程采样开始。。。
2021-04-18 20:28:05,270 - main_train_test.py[line:48] - INFO: 子进程采样一个batch节点开始...
2021-04-18 20:28:05,271 - main_train_test.py[line:48] - INFO: 子进程采样一个batch节点开始...
2021-04-18 20:28:05,272 - main_train_test.py[line:48] - INFO: 子进程采样一个batch节点开始...
2021-04-18 20:28:05,273 - main_train_test.py[line:48] - INFO: 子进程采样一个batch节点开始...
2021-04-18 20:28:05,275 - main_train_test.py[line:48] - INFO: 子进程采样一个batch节点开始...
2021-04-18 20:28:05,276 - main_train_test.py[line:48] - INFO: 子进程采样一个batch节点开始...
2021-04-18 20:28:05,277 - main_train_test.py[line:48] - INFO: 子进程采样一个batch节点开始...
2021-04-18 20:28:05,279 - main_train_test.py[line:48] - INFO: 子进程采样一个batch节点开始...
2021-04-18 20:28:05,280 - main_train_test.py[line:48] - INFO: 子进程采样一个batch节点开始...
2021-04-18 20:28:05,281 - main_train_test.py[line:48] - INFO: 子进程采样一个batch节点开始...
2021-04-18 20:28:05,283 - main_train_test.py[line:48] - INFO: 子进程采样一个batch节点开始...
2021-04-18 20:28:05,284 - main_train_test.py[line:48] - INFO: 子进程采样一个batch节点开始...
2021-04-18 20:28:05,285 - main_train_test.py[line:48] - INFO: 子进程采样一个batch节点开始...
2021-04-18 20:28:05,286 - main_train_test.py[line:48] - INFO: 子进程采样一个batch节点开始...
2021-04-18 20:28:05,288 - main_train_test.py[line:48] - INFO: 子进程采样一个batch节点开始...
2021-04-18 20:28:05,289 - main_train_test.py[line:48] - INFO: 子进程采样一个batch节点开始...
2021-04-18 20:28:05,290 - main_train_test.py[line:48] - INFO: 子进程采样一个batch节点开始...
2021-04-18 20:28:05,291 - main_train_test.py[line:48] - INFO: 子进程采样一个batch节点开始...
2021-04-18 20:28:05,292 - main_train_test.py[line:48] - INFO: 子进程采样一个batch节点开始...
2021-04-18 20:28:05,294 - main_train_test.py[line:48] - INFO: 子进程采样一个batch节点开始...
2021-04-18 20:28:05,295 - main_train_test.py[line:48] - INFO: 子进程采样一个batch节点开始...
2021-04-18 20:28:05,296 - main_train_test.py[line:48] - INFO: 子进程采样一个batch节点开始...
2021-04-18 20:28:05,297 - main_train_test.py[line:48] - INFO: 子进程采样一个batch节点开始...
2021-04-18 20:28:05,299 - main_train_test.py[line:48] - INFO: 子进程采样一个batch节点开始...
2021-04-18 20:28:05,300 - main_train_test.py[line:48] - INFO: 子进程采样一个batch节点开始...
2021-04-18 20:28:05,301 - main_train_test.py[line:48] - INFO: 子进程采样一个batch节点开始...
2021-04-18 20:28:05,302 - main_train_test.py[line:48] - INFO: 子进程采样一个batch节点开始...
2021-04-18 20:28:05,303 - main_train_test.py[line:48] - INFO: 子进程采样一个batch节点开始...
2021-04-18 20:28:05,304 - main_train_test.py[line:48] - INFO: 子进程采样一个batch节点开始...
2021-04-18 20:28:05,305 - main_train_test.py[line:48] - INFO: 子进程采样一个batch节点开始...
2021-04-18 20:28:05,306 - main_train_test.py[line:48] - INFO: 子进程采样一个batch节点开始...
2021-04-18 20:28:05,566 - main_train_test.py[line:48] - INFO: 子进程采样一个batch节点开始...
