2021-04-18 21:31:58,839 - ReadData.py[line:23] - INFO: 读取数据开始。。。
2021-04-18 21:32:50,790 - ReadData.py[line:25] - INFO: 读取数据完毕。
2021-04-18 21:32:56,089 - ReadData.py[line:92] - INFO: 数据类型 train 共 148566 个节点
2021-04-18 21:32:56,090 - ReadData.py[line:92] - INFO: 数据类型 val 共 33744 个节点
2021-04-18 21:32:56,091 - ReadData.py[line:92] - INFO: 数据类型 test 共 46794 个节点
2021-04-18 21:32:58,321 - main_train_test.py[line:128] - INFO: epoch 0 训练数据生成开始。。。
2021-04-18 21:32:58,321 - main_train_test.py[line:89] - INFO: 多进程采样开始。。。
2021-04-18 21:33:11,698 - main_train_test.py[line:48] - INFO: 子进程采样一个batch节点开始...
2021-04-18 21:33:11,699 - main_train_test.py[line:48] - INFO: 子进程采样一个batch节点开始...
2021-04-18 21:33:11,701 - main_train_test.py[line:48] - INFO: 子进程采样一个batch节点开始...
2021-04-18 21:33:11,702 - main_train_test.py[line:48] - INFO: 子进程采样一个batch节点开始...
2021-04-18 21:33:11,703 - main_train_test.py[line:48] - INFO: 子进程采样一个batch节点开始...
2021-04-18 21:33:11,704 - main_train_test.py[line:48] - INFO: 子进程采样一个batch节点开始...
2021-04-18 21:33:11,706 - main_train_test.py[line:48] - INFO: 子进程采样一个batch节点开始...
2021-04-18 21:33:11,707 - main_train_test.py[line:48] - INFO: 子进程采样一个batch节点开始...
2021-04-18 21:33:11,708 - main_train_test.py[line:48] - INFO: 子进程采样一个batch节点开始...
2021-04-18 21:33:11,709 - main_train_test.py[line:48] - INFO: 子进程采样一个batch节点开始...
2021-04-18 21:33:11,711 - main_train_test.py[line:48] - INFO: 子进程采样一个batch节点开始...
2021-04-18 21:33:11,712 - main_train_test.py[line:48] - INFO: 子进程采样一个batch节点开始...
2021-04-18 21:33:11,713 - main_train_test.py[line:48] - INFO: 子进程采样一个batch节点开始...
2021-04-18 21:33:11,715 - main_train_test.py[line:48] - INFO: 子进程采样一个batch节点开始...
2021-04-18 21:33:11,717 - main_train_test.py[line:48] - INFO: 子进程采样一个batch节点开始...
2021-04-18 21:33:11,719 - main_train_test.py[line:48] - INFO: 子进程采样一个batch节点开始...
2021-04-18 21:33:11,720 - main_train_test.py[line:48] - INFO: 子进程采样一个batch节点开始...
2021-04-18 21:33:11,721 - main_train_test.py[line:48] - INFO: 子进程采样一个batch节点开始...
2021-04-18 21:33:11,723 - main_train_test.py[line:48] - INFO: 子进程采样一个batch节点开始...
2021-04-18 21:33:11,724 - main_train_test.py[line:48] - INFO: 子进程采样一个batch节点开始...
2021-04-18 21:33:11,725 - main_train_test.py[line:48] - INFO: 子进程采样一个batch节点开始...
2021-04-18 21:33:11,726 - main_train_test.py[line:48] - INFO: 子进程采样一个batch节点开始...
2021-04-18 21:33:11,727 - main_train_test.py[line:48] - INFO: 子进程采样一个batch节点开始...
2021-04-18 21:33:11,727 - main_train_test.py[line:48] - INFO: 子进程采样一个batch节点开始...
2021-04-18 21:33:11,729 - main_train_test.py[line:48] - INFO: 子进程采样一个batch节点开始...
2021-04-18 21:33:11,729 - main_train_test.py[line:48] - INFO: 子进程采样一个batch节点开始...
2021-04-18 21:33:11,731 - main_train_test.py[line:48] - INFO: 子进程采样一个batch节点开始...
2021-04-18 21:33:11,736 - main_train_test.py[line:48] - INFO: 子进程采样一个batch节点开始...
2021-04-18 21:33:11,739 - main_train_test.py[line:48] - INFO: 子进程采样一个batch节点开始...
2021-04-18 21:33:11,744 - main_train_test.py[line:48] - INFO: 子进程采样一个batch节点开始...
2021-04-18 21:33:11,747 - main_train_test.py[line:48] - INFO: 子进程采样一个batch节点开始...
2021-04-18 21:33:11,750 - main_train_test.py[line:48] - INFO: 子进程采样一个batch节点开始...
2021-04-18 21:33:54,475 - main_train_test.py[line:67] - INFO: 子进程采样一个batch节点开始...
2021-04-18 21:33:54,931 - main_train_test.py[line:67] - INFO: 子进程采样一个batch节点开始...
2021-04-18 21:33:55,250 - main_train_test.py[line:67] - INFO: 子进程采样一个batch节点开始...
2021-04-18 21:33:56,687 - main_train_test.py[line:67] - INFO: 子进程采样一个batch节点开始...
2021-04-18 21:33:57,002 - main_train_test.py[line:67] - INFO: 子进程采样一个batch节点开始...
2021-04-18 21:33:57,057 - main_train_test.py[line:67] - INFO: 子进程采样一个batch节点开始...
2021-04-18 21:33:57,716 - main_train_test.py[line:67] - INFO: 子进程采样一个batch节点开始...
2021-04-18 21:33:57,917 - main_train_test.py[line:67] - INFO: 子进程采样一个batch节点开始...
2021-04-18 21:33:57,994 - main_train_test.py[line:67] - INFO: 子进程采样一个batch节点开始...
2021-04-18 21:33:58,248 - main_train_test.py[line:67] - INFO: 子进程采样一个batch节点开始...
2021-04-18 21:33:58,589 - main_train_test.py[line:67] - INFO: 子进程采样一个batch节点开始...
2021-04-18 21:33:59,035 - main_train_test.py[line:67] - INFO: 子进程采样一个batch节点开始...
2021-04-18 21:33:59,324 - main_train_test.py[line:67] - INFO: 子进程采样一个batch节点开始...
2021-04-18 21:34:01,071 - main_train_test.py[line:67] - INFO: 子进程采样一个batch节点开始...
2021-04-18 21:34:01,535 - main_train_test.py[line:67] - INFO: 子进程采样一个batch节点开始...
2021-04-18 21:34:02,371 - main_train_test.py[line:67] - INFO: 子进程采样一个batch节点开始...
2021-04-18 21:34:02,939 - main_train_test.py[line:67] - INFO: 子进程采样一个batch节点开始...
2021-04-18 21:34:03,690 - main_train_test.py[line:67] - INFO: 子进程采样一个batch节点开始...
2021-04-18 21:34:05,517 - main_train_test.py[line:67] - INFO: 子进程采样一个batch节点开始...
2021-04-18 21:34:05,601 - main_train_test.py[line:67] - INFO: 子进程采样一个batch节点开始...
2021-04-18 21:34:06,025 - main_train_test.py[line:67] - INFO: 子进程采样一个batch节点开始...
2021-04-18 21:34:06,404 - main_train_test.py[line:67] - INFO: 子进程采样一个batch节点开始...
2021-04-18 21:34:06,454 - main_train_test.py[line:67] - INFO: 子进程采样一个batch节点开始...
2021-04-18 21:34:06,462 - main_train_test.py[line:67] - INFO: 子进程采样一个batch节点开始...
2021-04-18 21:34:06,784 - main_train_test.py[line:67] - INFO: 子进程采样一个batch节点开始...
2021-04-18 21:34:07,188 - main_train_test.py[line:67] - INFO: 子进程采样一个batch节点开始...
2021-04-18 21:34:07,387 - main_train_test.py[line:67] - INFO: 子进程采样一个batch节点开始...
2021-04-18 21:34:09,352 - main_train_test.py[line:67] - INFO: 子进程采样一个batch节点开始...
2021-04-18 21:34:10,767 - main_train_test.py[line:67] - INFO: 子进程采样一个batch节点开始...
2021-04-18 21:34:11,972 - main_train_test.py[line:67] - INFO: 子进程采样一个batch节点开始...
2021-04-18 21:34:15,003 - main_train_test.py[line:67] - INFO: 子进程采样一个batch节点开始...
2021-04-18 21:34:15,760 - main_train_test.py[line:67] - INFO: 子进程采样一个batch节点开始...
2021-04-18 21:34:17,621 - main_train_test.py[line:116] - INFO: 多进程采样结束。
2021-04-18 21:34:17,626 - main_train_test.py[line:140] - INFO: epoch 0 训练数据生成完毕
2021-04-18 21:34:17,627 - main_train_test.py[line:141] - INFO: epoch 0 验证数据生成开始。。。
2021-04-18 21:34:17,627 - main_train_test.py[line:89] - INFO: 多进程采样开始。。。
2021-04-18 21:34:32,249 - main_train_test.py[line:48] - INFO: 子进程采样一个batch节点开始...
2021-04-18 21:34:51,029 - main_train_test.py[line:67] - INFO: 子进程采样一个batch节点开始...
2021-04-18 21:34:52,167 - main_train_test.py[line:116] - INFO: 多进程采样结束。
2021-04-18 21:34:52,169 - main_train_test.py[line:153] - INFO: epoch 0 验证数据生成完毕
2021-04-18 21:34:52,169 - TrainModel.py[line:38] - INFO: epoch %d 训练开始。。。
2021-04-18 21:37:06,880 - TrainModel.py[line:76] - INFO: epoch 0 训练结束
2021-04-18 21:37:06,880 - TrainModel.py[line:80] - INFO: epoch 0 valid 开始。。。
2021-04-18 21:37:08,589 - TrainModel.py[line:109] - INFO: UPDATE!!!
2021-04-18 21:37:08,589 - TrainModel.py[line:115] - INFO: Epoch: 0 (136.4s)  LR: 0.00060 Train Loss: 5.83  Valid Loss: 5.71  Valid NDCG: 0.2994
2021-04-18 21:37:08,589 - TrainModel.py[line:124] - INFO: epoch 0 valid 结束。
