2021-04-18 20:49:03,176 - ReadData.py[line:23] - INFO: 读取数据开始。。。
2021-04-18 20:49:55,902 - ReadData.py[line:25] - INFO: 读取数据完毕。
2021-04-18 20:50:00,923 - ReadData.py[line:92] - INFO: 数据类型 train 共 148566 个节点
2021-04-18 20:50:00,923 - ReadData.py[line:92] - INFO: 数据类型 val 共 33744 个节点
2021-04-18 20:50:00,925 - ReadData.py[line:92] - INFO: 数据类型 test 共 46794 个节点
2021-04-18 20:50:03,032 - main_train_test.py[line:127] - INFO: epoch 0 训练数据生成开始。。。
2021-04-18 20:50:03,032 - main_train_test.py[line:89] - INFO: 多进程采样开始。。。
2021-04-18 20:50:16,544 - main_train_test.py[line:48] - INFO: 子进程采样一个batch节点开始...
2021-04-18 20:50:16,546 - main_train_test.py[line:48] - INFO: 子进程采样一个batch节点开始...
2021-04-18 20:50:16,548 - main_train_test.py[line:48] - INFO: 子进程采样一个batch节点开始...
2021-04-18 20:50:16,550 - main_train_test.py[line:48] - INFO: 子进程采样一个batch节点开始...
2021-04-18 20:50:16,552 - main_train_test.py[line:48] - INFO: 子进程采样一个batch节点开始...
2021-04-18 20:50:16,554 - main_train_test.py[line:48] - INFO: 子进程采样一个batch节点开始...
2021-04-18 20:50:16,556 - main_train_test.py[line:48] - INFO: 子进程采样一个batch节点开始...
2021-04-18 20:50:16,557 - main_train_test.py[line:48] - INFO: 子进程采样一个batch节点开始...
2021-04-18 20:50:16,558 - main_train_test.py[line:48] - INFO: 子进程采样一个batch节点开始...
2021-04-18 20:50:16,560 - main_train_test.py[line:48] - INFO: 子进程采样一个batch节点开始...
2021-04-18 20:50:16,563 - main_train_test.py[line:48] - INFO: 子进程采样一个batch节点开始...
2021-04-18 20:50:16,565 - main_train_test.py[line:48] - INFO: 子进程采样一个batch节点开始...
2021-04-18 20:50:16,568 - main_train_test.py[line:48] - INFO: 子进程采样一个batch节点开始...
2021-04-18 20:50:16,570 - main_train_test.py[line:48] - INFO: 子进程采样一个batch节点开始...
2021-04-18 20:50:16,573 - main_train_test.py[line:48] - INFO: 子进程采样一个batch节点开始...
2021-04-18 20:50:16,573 - main_train_test.py[line:48] - INFO: 子进程采样一个batch节点开始...
2021-04-18 20:50:16,574 - main_train_test.py[line:48] - INFO: 子进程采样一个batch节点开始...
2021-04-18 20:50:16,576 - main_train_test.py[line:48] - INFO: 子进程采样一个batch节点开始...
2021-04-18 20:50:16,577 - main_train_test.py[line:48] - INFO: 子进程采样一个batch节点开始...
2021-04-18 20:50:16,579 - main_train_test.py[line:48] - INFO: 子进程采样一个batch节点开始...
2021-04-18 20:50:16,580 - main_train_test.py[line:48] - INFO: 子进程采样一个batch节点开始...
2021-04-18 20:50:16,582 - main_train_test.py[line:48] - INFO: 子进程采样一个batch节点开始...
2021-04-18 20:50:16,583 - main_train_test.py[line:48] - INFO: 子进程采样一个batch节点开始...
2021-04-18 20:50:16,585 - main_train_test.py[line:48] - INFO: 子进程采样一个batch节点开始...
2021-04-18 20:50:16,586 - main_train_test.py[line:48] - INFO: 子进程采样一个batch节点开始...
2021-04-18 20:50:16,589 - main_train_test.py[line:48] - INFO: 子进程采样一个batch节点开始...
2021-04-18 20:50:16,593 - main_train_test.py[line:48] - INFO: 子进程采样一个batch节点开始...
2021-04-18 20:50:16,597 - main_train_test.py[line:48] - INFO: 子进程采样一个batch节点开始...
2021-04-18 20:50:16,602 - main_train_test.py[line:48] - INFO: 子进程采样一个batch节点开始...
2021-04-18 20:50:16,607 - main_train_test.py[line:48] - INFO: 子进程采样一个batch节点开始...
2021-04-18 20:50:16,610 - main_train_test.py[line:48] - INFO: 子进程采样一个batch节点开始...
2021-04-18 20:50:16,614 - main_train_test.py[line:48] - INFO: 子进程采样一个batch节点开始...
2021-04-18 20:50:56,899 - main_train_test.py[line:67] - INFO: 子进程采样一个batch节点开始...
2021-04-18 20:50:58,742 - main_train_test.py[line:67] - INFO: 子进程采样一个batch节点开始...
2021-04-18 20:50:59,761 - main_train_test.py[line:67] - INFO: 子进程采样一个batch节点开始...
2021-04-18 20:51:00,494 - main_train_test.py[line:67] - INFO: 子进程采样一个batch节点开始...
2021-04-18 20:51:00,843 - main_train_test.py[line:67] - INFO: 子进程采样一个batch节点开始...
2021-04-18 20:51:01,202 - main_train_test.py[line:67] - INFO: 子进程采样一个batch节点开始...
2021-04-18 20:51:01,705 - main_train_test.py[line:67] - INFO: 子进程采样一个batch节点开始...
2021-04-18 20:51:01,752 - main_train_test.py[line:67] - INFO: 子进程采样一个batch节点开始...
2021-04-18 20:51:02,104 - main_train_test.py[line:67] - INFO: 子进程采样一个batch节点开始...
2021-04-18 20:51:03,065 - main_train_test.py[line:67] - INFO: 子进程采样一个batch节点开始...
2021-04-18 20:51:04,010 - main_train_test.py[line:67] - INFO: 子进程采样一个batch节点开始...
2021-04-18 20:51:04,543 - main_train_test.py[line:67] - INFO: 子进程采样一个batch节点开始...
2021-04-18 20:51:04,873 - main_train_test.py[line:67] - INFO: 子进程采样一个batch节点开始...
2021-04-18 20:51:06,530 - main_train_test.py[line:67] - INFO: 子进程采样一个batch节点开始...
2021-04-18 20:51:06,858 - main_train_test.py[line:67] - INFO: 子进程采样一个batch节点开始...
2021-04-18 20:51:07,118 - main_train_test.py[line:67] - INFO: 子进程采样一个batch节点开始...
2021-04-18 20:51:07,252 - main_train_test.py[line:67] - INFO: 子进程采样一个batch节点开始...
2021-04-18 20:51:07,395 - main_train_test.py[line:67] - INFO: 子进程采样一个batch节点开始...
2021-04-18 20:51:07,540 - main_train_test.py[line:67] - INFO: 子进程采样一个batch节点开始...
2021-04-18 20:51:08,740 - main_train_test.py[line:67] - INFO: 子进程采样一个batch节点开始...
2021-04-18 20:51:08,857 - main_train_test.py[line:67] - INFO: 子进程采样一个batch节点开始...
2021-04-18 20:51:09,273 - main_train_test.py[line:67] - INFO: 子进程采样一个batch节点开始...
2021-04-18 20:51:09,420 - main_train_test.py[line:67] - INFO: 子进程采样一个batch节点开始...
2021-04-18 20:51:09,778 - main_train_test.py[line:67] - INFO: 子进程采样一个batch节点开始...
2021-04-18 20:51:10,291 - main_train_test.py[line:67] - INFO: 子进程采样一个batch节点开始...
2021-04-18 20:51:11,492 - main_train_test.py[line:67] - INFO: 子进程采样一个batch节点开始...
2021-04-18 20:51:14,097 - main_train_test.py[line:67] - INFO: 子进程采样一个batch节点开始...
2021-04-18 20:51:16,774 - main_train_test.py[line:67] - INFO: 子进程采样一个batch节点开始...
2021-04-18 20:51:17,432 - main_train_test.py[line:67] - INFO: 子进程采样一个batch节点开始...
2021-04-18 20:51:17,701 - main_train_test.py[line:67] - INFO: 子进程采样一个batch节点开始...
2021-04-18 20:51:19,007 - main_train_test.py[line:67] - INFO: 子进程采样一个batch节点开始...
2021-04-18 20:51:25,480 - main_train_test.py[line:67] - INFO: 子进程采样一个batch节点开始...
2021-04-18 20:51:27,258 - main_train_test.py[line:115] - INFO: 多进程采样结束。
2021-04-18 20:51:27,260 - main_train_test.py[line:139] - INFO: epoch 0 训练数据生成完毕
2021-04-18 20:51:27,260 - main_train_test.py[line:140] - INFO: epoch 0 验证数据生成开始。。。
2021-04-18 20:51:27,261 - main_train_test.py[line:89] - INFO: 多进程采样开始。。。
