2021-04-18 20:01:15,602 - ReadData.py[line:23] - INFO: 读取数据开始。。。
2021-04-18 20:02:12,923 - ReadData.py[line:25] - INFO: 读取数据完毕。
2021-04-18 20:02:21,978 - ReadData.py[line:92] - INFO: 数据类型 train 共 148566 个节点
2021-04-18 20:02:21,979 - ReadData.py[line:92] - INFO: 数据类型 val 共 33744 个节点
2021-04-18 20:02:21,981 - ReadData.py[line:92] - INFO: 数据类型 test 共 46794 个节点
2021-04-18 20:02:24,253 - main_train_test.py[line:127] - INFO: epoch 0 训练数据生成开始。。。
2021-04-18 20:02:24,254 - main_train_test.py[line:89] - INFO: 多进程采样开始。。。
2021-04-18 20:02:40,823 - main_train_test.py[line:48] - INFO: 子进程采样一个batch节点开始...
2021-04-18 20:02:40,824 - main_train_test.py[line:48] - INFO: 子进程采样一个batch节点开始...
2021-04-18 20:02:40,825 - main_train_test.py[line:48] - INFO: 子进程采样一个batch节点开始...
2021-04-18 20:02:40,827 - main_train_test.py[line:48] - INFO: 子进程采样一个batch节点开始...
2021-04-18 20:02:40,829 - main_train_test.py[line:48] - INFO: 子进程采样一个batch节点开始...
2021-04-18 20:02:40,831 - main_train_test.py[line:48] - INFO: 子进程采样一个batch节点开始...
2021-04-18 20:02:40,833 - main_train_test.py[line:48] - INFO: 子进程采样一个batch节点开始...
2021-04-18 20:02:40,834 - main_train_test.py[line:48] - INFO: 子进程采样一个batch节点开始...
2021-04-18 20:02:40,836 - main_train_test.py[line:48] - INFO: 子进程采样一个batch节点开始...
2021-04-18 20:02:40,838 - main_train_test.py[line:48] - INFO: 子进程采样一个batch节点开始...
2021-04-18 20:02:40,839 - main_train_test.py[line:48] - INFO: 子进程采样一个batch节点开始...
2021-04-18 20:02:40,841 - main_train_test.py[line:48] - INFO: 子进程采样一个batch节点开始...
2021-04-18 20:02:40,842 - main_train_test.py[line:48] - INFO: 子进程采样一个batch节点开始...
2021-04-18 20:02:40,844 - main_train_test.py[line:48] - INFO: 子进程采样一个batch节点开始...
2021-04-18 20:02:40,846 - main_train_test.py[line:48] - INFO: 子进程采样一个batch节点开始...
2021-04-18 20:02:40,848 - main_train_test.py[line:48] - INFO: 子进程采样一个batch节点开始...
2021-04-18 20:02:40,850 - main_train_test.py[line:48] - INFO: 子进程采样一个batch节点开始...
2021-04-18 20:02:40,852 - main_train_test.py[line:48] - INFO: 子进程采样一个batch节点开始...
2021-04-18 20:02:40,855 - main_train_test.py[line:48] - INFO: 子进程采样一个batch节点开始...
2021-04-18 20:02:40,857 - main_train_test.py[line:48] - INFO: 子进程采样一个batch节点开始...
2021-04-18 20:02:40,859 - main_train_test.py[line:48] - INFO: 子进程采样一个batch节点开始...
2021-04-18 20:02:40,861 - main_train_test.py[line:48] - INFO: 子进程采样一个batch节点开始...
2021-04-18 20:02:40,865 - main_train_test.py[line:48] - INFO: 子进程采样一个batch节点开始...
2021-04-18 20:02:40,866 - main_train_test.py[line:48] - INFO: 子进程采样一个batch节点开始...
2021-04-18 20:02:40,867 - main_train_test.py[line:48] - INFO: 子进程采样一个batch节点开始...
2021-04-18 20:02:40,869 - main_train_test.py[line:48] - INFO: 子进程采样一个batch节点开始...
2021-04-18 20:02:40,870 - main_train_test.py[line:48] - INFO: 子进程采样一个batch节点开始...
2021-04-18 20:02:40,872 - main_train_test.py[line:48] - INFO: 子进程采样一个batch节点开始...
2021-04-18 20:02:40,873 - main_train_test.py[line:48] - INFO: 子进程采样一个batch节点开始...
2021-04-18 20:02:40,875 - main_train_test.py[line:48] - INFO: 子进程采样一个batch节点开始...
2021-04-18 20:02:40,877 - main_train_test.py[line:48] - INFO: 子进程采样一个batch节点开始...
2021-04-18 20:02:40,879 - main_train_test.py[line:48] - INFO: 子进程采样一个batch节点开始...
