2021-04-18 20:12:34,909 - ReadData.py[line:23] - INFO: 读取数据开始。。。
2021-04-18 20:13:32,732 - ReadData.py[line:25] - INFO: 读取数据完毕。
2021-04-18 20:13:41,160 - ReadData.py[line:92] - INFO: 数据类型 train 共 148566 个节点
2021-04-18 20:13:41,161 - ReadData.py[line:92] - INFO: 数据类型 val 共 33744 个节点
2021-04-18 20:13:41,162 - ReadData.py[line:92] - INFO: 数据类型 test 共 46794 个节点
2021-04-18 20:13:43,584 - main_train_test.py[line:127] - INFO: epoch 0 训练数据生成开始。。。
2021-04-18 20:13:43,585 - main_train_test.py[line:89] - INFO: 多进程采样开始。。。
2021-04-18 20:13:56,823 - main_train_test.py[line:48] - INFO: 子进程采样一个batch节点开始...
2021-04-18 20:13:56,825 - main_train_test.py[line:48] - INFO: 子进程采样一个batch节点开始...
2021-04-18 20:13:56,826 - main_train_test.py[line:48] - INFO: 子进程采样一个batch节点开始...
2021-04-18 20:13:56,828 - main_train_test.py[line:48] - INFO: 子进程采样一个batch节点开始...
2021-04-18 20:13:56,830 - main_train_test.py[line:48] - INFO: 子进程采样一个batch节点开始...
2021-04-18 20:13:56,831 - main_train_test.py[line:48] - INFO: 子进程采样一个batch节点开始...
2021-04-18 20:13:56,833 - main_train_test.py[line:48] - INFO: 子进程采样一个batch节点开始...
2021-04-18 20:13:56,834 - main_train_test.py[line:48] - INFO: 子进程采样一个batch节点开始...
2021-04-18 20:13:56,835 - main_train_test.py[line:48] - INFO: 子进程采样一个batch节点开始...
2021-04-18 20:13:56,837 - main_train_test.py[line:48] - INFO: 子进程采样一个batch节点开始...
2021-04-18 20:13:56,838 - main_train_test.py[line:48] - INFO: 子进程采样一个batch节点开始...
2021-04-18 20:13:56,840 - main_train_test.py[line:48] - INFO: 子进程采样一个batch节点开始...
2021-04-18 20:13:56,841 - main_train_test.py[line:48] - INFO: 子进程采样一个batch节点开始...
2021-04-18 20:13:56,842 - main_train_test.py[line:48] - INFO: 子进程采样一个batch节点开始...
2021-04-18 20:13:56,844 - main_train_test.py[line:48] - INFO: 子进程采样一个batch节点开始...
2021-04-18 20:13:56,845 - main_train_test.py[line:48] - INFO: 子进程采样一个batch节点开始...
2021-04-18 20:13:56,846 - main_train_test.py[line:48] - INFO: 子进程采样一个batch节点开始...
2021-04-18 20:13:56,847 - main_train_test.py[line:48] - INFO: 子进程采样一个batch节点开始...
2021-04-18 20:13:56,849 - main_train_test.py[line:48] - INFO: 子进程采样一个batch节点开始...
2021-04-18 20:13:56,850 - main_train_test.py[line:48] - INFO: 子进程采样一个batch节点开始...
2021-04-18 20:13:56,852 - main_train_test.py[line:48] - INFO: 子进程采样一个batch节点开始...
2021-04-18 20:13:56,853 - main_train_test.py[line:48] - INFO: 子进程采样一个batch节点开始...
2021-04-18 20:13:56,854 - main_train_test.py[line:48] - INFO: 子进程采样一个batch节点开始...
2021-04-18 20:13:56,856 - main_train_test.py[line:48] - INFO: 子进程采样一个batch节点开始...
2021-04-18 20:13:56,859 - main_train_test.py[line:48] - INFO: 子进程采样一个batch节点开始...
2021-04-18 20:13:56,861 - main_train_test.py[line:48] - INFO: 子进程采样一个batch节点开始...
2021-04-18 20:13:56,863 - main_train_test.py[line:48] - INFO: 子进程采样一个batch节点开始...
2021-04-18 20:13:56,866 - main_train_test.py[line:48] - INFO: 子进程采样一个batch节点开始...
2021-04-18 20:13:56,870 - main_train_test.py[line:48] - INFO: 子进程采样一个batch节点开始...
2021-04-18 20:13:56,874 - main_train_test.py[line:48] - INFO: 子进程采样一个batch节点开始...
2021-04-18 20:13:56,878 - main_train_test.py[line:48] - INFO: 子进程采样一个batch节点开始...
2021-04-18 20:13:56,881 - main_train_test.py[line:48] - INFO: 子进程采样一个batch节点开始...
