2021-04-18 19:46:46,623 - ReadData.py[line:23] - INFO: 读取数据开始。。。
2021-04-18 19:47:44,371 - ReadData.py[line:25] - INFO: 读取数据完毕。
2021-04-18 19:47:50,484 - ReadData.py[line:92] - INFO: 数据类型 train 共 148566 个节点
2021-04-18 19:47:50,485 - ReadData.py[line:92] - INFO: 数据类型 val 共 33744 个节点
2021-04-18 19:47:50,486 - ReadData.py[line:92] - INFO: 数据类型 test 共 46794 个节点
2021-04-18 19:47:52,668 - main_train_test.py[line:127] - INFO: epoch 0 训练数据生成开始。。。
2021-04-18 19:47:52,668 - main_train_test.py[line:89] - INFO: 多进程采样开始。。。
2021-04-18 19:48:07,864 - main_train_test.py[line:48] - INFO: 子进程采样一个batch节点开始...
2021-04-18 19:48:07,865 - main_train_test.py[line:48] - INFO: 子进程采样一个batch节点开始...
2021-04-18 19:48:07,867 - main_train_test.py[line:48] - INFO: 子进程采样一个batch节点开始...
2021-04-18 19:48:07,868 - main_train_test.py[line:48] - INFO: 子进程采样一个batch节点开始...
2021-04-18 19:48:07,870 - main_train_test.py[line:48] - INFO: 子进程采样一个batch节点开始...
2021-04-18 19:48:07,872 - main_train_test.py[line:48] - INFO: 子进程采样一个batch节点开始...
2021-04-18 19:48:07,873 - main_train_test.py[line:48] - INFO: 子进程采样一个batch节点开始...
2021-04-18 19:48:07,874 - main_train_test.py[line:48] - INFO: 子进程采样一个batch节点开始...
2021-04-18 19:48:07,876 - main_train_test.py[line:48] - INFO: 子进程采样一个batch节点开始...
2021-04-18 19:48:07,877 - main_train_test.py[line:48] - INFO: 子进程采样一个batch节点开始...
2021-04-18 19:48:07,879 - main_train_test.py[line:48] - INFO: 子进程采样一个batch节点开始...
2021-04-18 19:48:07,880 - main_train_test.py[line:48] - INFO: 子进程采样一个batch节点开始...
2021-04-18 19:48:07,882 - main_train_test.py[line:48] - INFO: 子进程采样一个batch节点开始...
2021-04-18 19:48:07,884 - main_train_test.py[line:48] - INFO: 子进程采样一个batch节点开始...
2021-04-18 19:48:07,885 - main_train_test.py[line:48] - INFO: 子进程采样一个batch节点开始...
2021-04-18 19:48:07,886 - main_train_test.py[line:48] - INFO: 子进程采样一个batch节点开始...
2021-04-18 19:48:07,887 - main_train_test.py[line:48] - INFO: 子进程采样一个batch节点开始...
2021-04-18 19:48:07,888 - main_train_test.py[line:48] - INFO: 子进程采样一个batch节点开始...
2021-04-18 19:48:07,890 - main_train_test.py[line:48] - INFO: 子进程采样一个batch节点开始...
2021-04-18 19:48:07,891 - main_train_test.py[line:48] - INFO: 子进程采样一个batch节点开始...
2021-04-18 19:48:07,893 - main_train_test.py[line:48] - INFO: 子进程采样一个batch节点开始...
2021-04-18 19:48:07,894 - main_train_test.py[line:48] - INFO: 子进程采样一个batch节点开始...
2021-04-18 19:48:07,895 - main_train_test.py[line:48] - INFO: 子进程采样一个batch节点开始...
2021-04-18 19:48:07,896 - main_train_test.py[line:48] - INFO: 子进程采样一个batch节点开始...
2021-04-18 19:48:07,897 - main_train_test.py[line:48] - INFO: 子进程采样一个batch节点开始...
2021-04-18 19:48:07,900 - main_train_test.py[line:48] - INFO: 子进程采样一个batch节点开始...
2021-04-18 19:48:07,902 - main_train_test.py[line:48] - INFO: 子进程采样一个batch节点开始...
2021-04-18 19:48:07,906 - main_train_test.py[line:48] - INFO: 子进程采样一个batch节点开始...
2021-04-18 19:48:07,910 - main_train_test.py[line:48] - INFO: 子进程采样一个batch节点开始...
2021-04-18 19:48:07,913 - main_train_test.py[line:48] - INFO: 子进程采样一个batch节点开始...
2021-04-18 19:48:07,918 - main_train_test.py[line:48] - INFO: 子进程采样一个batch节点开始...
2021-04-18 19:48:07,922 - main_train_test.py[line:48] - INFO: 子进程采样一个batch节点开始...
