2021-04-18 21:46:49,719 - ReadData.py[line:23] - INFO: 读取数据开始。。。
2021-04-18 21:47:41,190 - ReadData.py[line:25] - INFO: 读取数据完毕。
2021-04-18 21:47:46,249 - ReadData.py[line:92] - INFO: 数据类型 train 共 148566 个节点
2021-04-18 21:47:46,250 - ReadData.py[line:92] - INFO: 数据类型 val 共 33744 个节点
2021-04-18 21:47:46,251 - ReadData.py[line:92] - INFO: 数据类型 test 共 46794 个节点
2021-04-18 21:47:48,456 - main_train_test.py[line:127] - INFO: epoch 0 训练数据生成开始。。。
2021-04-18 21:47:48,456 - main_train_test.py[line:88] - INFO: 多进程采样开始。。。
2021-04-18 21:47:59,487 - main_train_test.py[line:47] - INFO: 子进程采样一个batch节点开始...
2021-04-18 21:47:59,488 - main_train_test.py[line:47] - INFO: 子进程采样一个batch节点开始...
2021-04-18 21:47:59,490 - main_train_test.py[line:47] - INFO: 子进程采样一个batch节点开始...
2021-04-18 21:47:59,491 - main_train_test.py[line:47] - INFO: 子进程采样一个batch节点开始...
2021-04-18 21:47:59,493 - main_train_test.py[line:47] - INFO: 子进程采样一个batch节点开始...
2021-04-18 21:47:59,494 - main_train_test.py[line:47] - INFO: 子进程采样一个batch节点开始...
2021-04-18 21:47:59,495 - main_train_test.py[line:47] - INFO: 子进程采样一个batch节点开始...
2021-04-18 21:47:59,497 - main_train_test.py[line:47] - INFO: 子进程采样一个batch节点开始...
2021-04-18 21:47:59,499 - main_train_test.py[line:47] - INFO: 子进程采样一个batch节点开始...
2021-04-18 21:47:59,500 - main_train_test.py[line:47] - INFO: 子进程采样一个batch节点开始...
2021-04-18 21:47:59,501 - main_train_test.py[line:47] - INFO: 子进程采样一个batch节点开始...
2021-04-18 21:47:59,503 - main_train_test.py[line:47] - INFO: 子进程采样一个batch节点开始...
2021-04-18 21:47:59,509 - main_train_test.py[line:47] - INFO: 子进程采样一个batch节点开始...
2021-04-18 21:47:59,509 - main_train_test.py[line:47] - INFO: 子进程采样一个batch节点开始...
2021-04-18 21:47:59,510 - main_train_test.py[line:47] - INFO: 子进程采样一个batch节点开始...
2021-04-18 21:47:59,510 - main_train_test.py[line:47] - INFO: 子进程采样一个batch节点开始...
2021-04-18 21:47:59,512 - main_train_test.py[line:47] - INFO: 子进程采样一个batch节点开始...
2021-04-18 21:47:59,513 - main_train_test.py[line:47] - INFO: 子进程采样一个batch节点开始...
2021-04-18 21:47:59,514 - main_train_test.py[line:47] - INFO: 子进程采样一个batch节点开始...
2021-04-18 21:47:59,515 - main_train_test.py[line:47] - INFO: 子进程采样一个batch节点开始...
2021-04-18 21:47:59,517 - main_train_test.py[line:47] - INFO: 子进程采样一个batch节点开始...
2021-04-18 21:47:59,518 - main_train_test.py[line:47] - INFO: 子进程采样一个batch节点开始...
2021-04-18 21:47:59,521 - main_train_test.py[line:47] - INFO: 子进程采样一个batch节点开始...
2021-04-18 21:47:59,525 - main_train_test.py[line:47] - INFO: 子进程采样一个batch节点开始...
2021-04-18 21:47:59,529 - main_train_test.py[line:47] - INFO: 子进程采样一个batch节点开始...
2021-04-18 21:47:59,527 - main_train_test.py[line:47] - INFO: 子进程采样一个batch节点开始...
2021-04-18 21:47:59,531 - main_train_test.py[line:47] - INFO: 子进程采样一个batch节点开始...
2021-04-18 21:47:59,535 - main_train_test.py[line:47] - INFO: 子进程采样一个batch节点开始...
2021-04-18 21:47:59,539 - main_train_test.py[line:47] - INFO: 子进程采样一个batch节点开始...
2021-04-18 21:47:59,541 - main_train_test.py[line:47] - INFO: 子进程采样一个batch节点开始...
2021-04-18 21:47:59,544 - main_train_test.py[line:47] - INFO: 子进程采样一个batch节点开始...
2021-04-18 21:47:59,549 - main_train_test.py[line:47] - INFO: 子进程采样一个batch节点开始...
2021-04-18 21:48:34,840 - main_train_test.py[line:66] - INFO: 子进程采样一个batch节点开始...
2021-04-18 21:48:39,667 - main_train_test.py[line:66] - INFO: 子进程采样一个batch节点开始...
2021-04-18 21:48:40,198 - main_train_test.py[line:66] - INFO: 子进程采样一个batch节点开始...
2021-04-18 21:48:40,897 - main_train_test.py[line:66] - INFO: 子进程采样一个batch节点开始...
2021-04-18 21:48:40,969 - main_train_test.py[line:66] - INFO: 子进程采样一个batch节点开始...
2021-04-18 21:48:41,242 - main_train_test.py[line:66] - INFO: 子进程采样一个batch节点开始...
2021-04-18 21:48:42,461 - main_train_test.py[line:66] - INFO: 子进程采样一个batch节点开始...
2021-04-18 21:48:42,717 - main_train_test.py[line:66] - INFO: 子进程采样一个batch节点开始...
2021-04-18 21:48:42,842 - main_train_test.py[line:66] - INFO: 子进程采样一个batch节点开始...
2021-04-18 21:48:43,529 - main_train_test.py[line:66] - INFO: 子进程采样一个batch节点开始...
2021-04-18 21:48:44,237 - main_train_test.py[line:66] - INFO: 子进程采样一个batch节点开始...
2021-04-18 21:48:45,653 - main_train_test.py[line:66] - INFO: 子进程采样一个batch节点开始...
2021-04-18 21:48:45,896 - main_train_test.py[line:66] - INFO: 子进程采样一个batch节点开始...
2021-04-18 21:48:46,414 - main_train_test.py[line:66] - INFO: 子进程采样一个batch节点开始...
2021-04-18 21:48:46,488 - main_train_test.py[line:66] - INFO: 子进程采样一个batch节点开始...
2021-04-18 21:48:46,865 - main_train_test.py[line:66] - INFO: 子进程采样一个batch节点开始...
2021-04-18 21:48:47,098 - main_train_test.py[line:66] - INFO: 子进程采样一个batch节点开始...
2021-04-18 21:48:47,152 - main_train_test.py[line:66] - INFO: 子进程采样一个batch节点开始...
2021-04-18 21:48:47,281 - main_train_test.py[line:66] - INFO: 子进程采样一个batch节点开始...
2021-04-18 21:48:48,514 - main_train_test.py[line:66] - INFO: 子进程采样一个batch节点开始...
2021-04-18 21:48:48,818 - main_train_test.py[line:66] - INFO: 子进程采样一个batch节点开始...
2021-04-18 21:48:49,150 - main_train_test.py[line:66] - INFO: 子进程采样一个batch节点开始...
2021-04-18 21:48:49,494 - main_train_test.py[line:66] - INFO: 子进程采样一个batch节点开始...
2021-04-18 21:48:49,562 - main_train_test.py[line:66] - INFO: 子进程采样一个batch节点开始...
2021-04-18 21:48:50,150 - main_train_test.py[line:66] - INFO: 子进程采样一个batch节点开始...
2021-04-18 21:48:51,804 - main_train_test.py[line:66] - INFO: 子进程采样一个batch节点开始...
2021-04-18 21:48:51,907 - main_train_test.py[line:66] - INFO: 子进程采样一个batch节点开始...
2021-04-18 21:48:53,945 - main_train_test.py[line:66] - INFO: 子进程采样一个batch节点开始...
2021-04-18 21:48:54,161 - main_train_test.py[line:66] - INFO: 子进程采样一个batch节点开始...
2021-04-18 21:48:54,428 - main_train_test.py[line:66] - INFO: 子进程采样一个batch节点开始...
2021-04-18 21:48:56,380 - main_train_test.py[line:66] - INFO: 子进程采样一个batch节点开始...
2021-04-18 21:49:00,210 - main_train_test.py[line:66] - INFO: 子进程采样一个batch节点开始...
2021-04-18 21:49:01,800 - main_train_test.py[line:115] - INFO: 多进程采样结束。
2021-04-18 21:49:01,805 - main_train_test.py[line:139] - INFO: epoch 0 训练数据生成完毕
2021-04-18 21:49:01,805 - main_train_test.py[line:140] - INFO: epoch 0 验证数据生成开始。。。
2021-04-18 21:49:01,805 - main_train_test.py[line:88] - INFO: 多进程采样开始。。。
2021-04-18 21:49:13,757 - main_train_test.py[line:47] - INFO: 子进程采样一个batch节点开始...
2021-04-18 21:49:36,205 - main_train_test.py[line:66] - INFO: 子进程采样一个batch节点开始...
2021-04-18 21:49:37,186 - main_train_test.py[line:115] - INFO: 多进程采样结束。
2021-04-18 21:49:37,190 - main_train_test.py[line:152] - INFO: epoch 0 验证数据生成完毕
2021-04-18 21:49:37,190 - TrainModel.py[line:38] - INFO: epoch %d 训练开始。。。
2021-04-18 21:51:52,328 - TrainModel.py[line:76] - INFO: epoch 0 训练结束
2021-04-18 21:51:52,328 - TrainModel.py[line:80] - INFO: epoch 0 valid 开始。。。
2021-04-18 21:51:53,943 - TrainModel.py[line:109] - INFO: UPDATE!!!
2021-04-18 21:51:53,944 - TrainModel.py[line:115] - INFO: Epoch: 0 (136.8s)  LR: 0.00060 Train Loss: 5.83  Valid Loss: 5.56  Valid NDCG: 0.3403
2021-04-18 21:51:53,944 - TrainModel.py[line:124] - INFO: epoch 0 valid 结束。
2021-04-18 21:51:53,947 - main_train_test.py[line:127] - INFO: epoch 1 训练数据生成开始。。。
2021-04-18 21:51:53,947 - main_train_test.py[line:88] - INFO: 多进程采样开始。。。
2021-04-18 21:52:06,490 - main_train_test.py[line:47] - INFO: 子进程采样一个batch节点开始...
2021-04-18 21:52:06,492 - main_train_test.py[line:47] - INFO: 子进程采样一个batch节点开始...
2021-04-18 21:52:06,494 - main_train_test.py[line:47] - INFO: 子进程采样一个batch节点开始...
2021-04-18 21:52:06,495 - main_train_test.py[line:47] - INFO: 子进程采样一个batch节点开始...
2021-04-18 21:52:06,497 - main_train_test.py[line:47] - INFO: 子进程采样一个batch节点开始...
2021-04-18 21:52:06,498 - main_train_test.py[line:47] - INFO: 子进程采样一个batch节点开始...
2021-04-18 21:52:06,499 - main_train_test.py[line:47] - INFO: 子进程采样一个batch节点开始...
2021-04-18 21:52:06,501 - main_train_test.py[line:47] - INFO: 子进程采样一个batch节点开始...
2021-04-18 21:52:06,503 - main_train_test.py[line:47] - INFO: 子进程采样一个batch节点开始...
2021-04-18 21:52:06,505 - main_train_test.py[line:47] - INFO: 子进程采样一个batch节点开始...
2021-04-18 21:52:06,507 - main_train_test.py[line:47] - INFO: 子进程采样一个batch节点开始...
2021-04-18 21:52:06,509 - main_train_test.py[line:47] - INFO: 子进程采样一个batch节点开始...
2021-04-18 21:52:06,510 - main_train_test.py[line:47] - INFO: 子进程采样一个batch节点开始...
2021-04-18 21:52:06,512 - main_train_test.py[line:47] - INFO: 子进程采样一个batch节点开始...
2021-04-18 21:52:06,513 - main_train_test.py[line:47] - INFO: 子进程采样一个batch节点开始...
2021-04-18 21:52:06,514 - main_train_test.py[line:47] - INFO: 子进程采样一个batch节点开始...
2021-04-18 21:52:06,515 - main_train_test.py[line:47] - INFO: 子进程采样一个batch节点开始...
2021-04-18 21:52:06,516 - main_train_test.py[line:47] - INFO: 子进程采样一个batch节点开始...
2021-04-18 21:52:06,518 - main_train_test.py[line:47] - INFO: 子进程采样一个batch节点开始...
2021-04-18 21:52:06,519 - main_train_test.py[line:47] - INFO: 子进程采样一个batch节点开始...
2021-04-18 21:52:06,520 - main_train_test.py[line:47] - INFO: 子进程采样一个batch节点开始...
2021-04-18 21:52:06,522 - main_train_test.py[line:47] - INFO: 子进程采样一个batch节点开始...
2021-04-18 21:52:06,524 - main_train_test.py[line:47] - INFO: 子进程采样一个batch节点开始...
2021-04-18 21:52:06,526 - main_train_test.py[line:47] - INFO: 子进程采样一个batch节点开始...
2021-04-18 21:52:06,529 - main_train_test.py[line:47] - INFO: 子进程采样一个batch节点开始...
2021-04-18 21:52:06,530 - main_train_test.py[line:47] - INFO: 子进程采样一个batch节点开始...
2021-04-18 21:52:06,532 - main_train_test.py[line:47] - INFO: 子进程采样一个batch节点开始...
2021-04-18 21:52:06,540 - main_train_test.py[line:47] - INFO: 子进程采样一个batch节点开始...
2021-04-18 21:52:06,542 - main_train_test.py[line:47] - INFO: 子进程采样一个batch节点开始...
2021-04-18 21:52:06,545 - main_train_test.py[line:47] - INFO: 子进程采样一个batch节点开始...
2021-04-18 21:52:06,549 - main_train_test.py[line:47] - INFO: 子进程采样一个batch节点开始...
2021-04-18 21:52:06,551 - main_train_test.py[line:47] - INFO: 子进程采样一个batch节点开始...
2021-04-18 21:52:46,972 - main_train_test.py[line:66] - INFO: 子进程采样一个batch节点开始...
2021-04-18 21:52:47,553 - main_train_test.py[line:66] - INFO: 子进程采样一个batch节点开始...
2021-04-18 21:52:49,064 - main_train_test.py[line:66] - INFO: 子进程采样一个batch节点开始...
2021-04-18 21:52:49,674 - main_train_test.py[line:66] - INFO: 子进程采样一个batch节点开始...
2021-04-18 21:52:50,295 - main_train_test.py[line:66] - INFO: 子进程采样一个batch节点开始...
2021-04-18 21:52:51,252 - main_train_test.py[line:66] - INFO: 子进程采样一个batch节点开始...
2021-04-18 21:52:51,254 - main_train_test.py[line:66] - INFO: 子进程采样一个batch节点开始...
2021-04-18 21:52:51,624 - main_train_test.py[line:66] - INFO: 子进程采样一个batch节点开始...
2021-04-18 21:52:52,567 - main_train_test.py[line:66] - INFO: 子进程采样一个batch节点开始...
2021-04-18 21:52:52,909 - main_train_test.py[line:66] - INFO: 子进程采样一个batch节点开始...
2021-04-18 21:52:53,830 - main_train_test.py[line:66] - INFO: 子进程采样一个batch节点开始...
2021-04-18 21:52:54,496 - main_train_test.py[line:66] - INFO: 子进程采样一个batch节点开始...
2021-04-18 21:52:54,563 - main_train_test.py[line:66] - INFO: 子进程采样一个batch节点开始...
2021-04-18 21:52:54,967 - main_train_test.py[line:66] - INFO: 子进程采样一个batch节点开始...
2021-04-18 21:52:55,178 - main_train_test.py[line:66] - INFO: 子进程采样一个batch节点开始...
2021-04-18 21:52:55,443 - main_train_test.py[line:66] - INFO: 子进程采样一个batch节点开始...
2021-04-18 21:52:55,499 - main_train_test.py[line:66] - INFO: 子进程采样一个batch节点开始...
2021-04-18 21:52:55,625 - main_train_test.py[line:66] - INFO: 子进程采样一个batch节点开始...
2021-04-18 21:52:56,146 - main_train_test.py[line:66] - INFO: 子进程采样一个batch节点开始...
2021-04-18 21:52:56,175 - main_train_test.py[line:66] - INFO: 子进程采样一个batch节点开始...
2021-04-18 21:52:57,077 - main_train_test.py[line:66] - INFO: 子进程采样一个batch节点开始...
2021-04-18 21:52:57,755 - main_train_test.py[line:66] - INFO: 子进程采样一个batch节点开始...
2021-04-18 21:52:57,758 - main_train_test.py[line:66] - INFO: 子进程采样一个batch节点开始...
2021-04-18 21:52:58,791 - main_train_test.py[line:66] - INFO: 子进程采样一个batch节点开始...
2021-04-18 21:52:59,185 - main_train_test.py[line:66] - INFO: 子进程采样一个batch节点开始...
2021-04-18 21:52:59,609 - main_train_test.py[line:66] - INFO: 子进程采样一个batch节点开始...
2021-04-18 21:53:00,255 - main_train_test.py[line:66] - INFO: 子进程采样一个batch节点开始...
2021-04-18 21:53:00,843 - main_train_test.py[line:66] - INFO: 子进程采样一个batch节点开始...
2021-04-18 21:53:01,451 - main_train_test.py[line:66] - INFO: 子进程采样一个batch节点开始...
2021-04-18 21:53:01,778 - main_train_test.py[line:66] - INFO: 子进程采样一个batch节点开始...
2021-04-18 21:53:02,911 - main_train_test.py[line:66] - INFO: 子进程采样一个batch节点开始...
2021-04-18 21:53:04,027 - main_train_test.py[line:66] - INFO: 子进程采样一个batch节点开始...
2021-04-18 21:53:05,743 - main_train_test.py[line:115] - INFO: 多进程采样结束。
2021-04-18 21:53:05,829 - main_train_test.py[line:139] - INFO: epoch 1 训练数据生成完毕
2021-04-18 21:53:05,830 - main_train_test.py[line:140] - INFO: epoch 1 验证数据生成开始。。。
2021-04-18 21:53:05,830 - main_train_test.py[line:88] - INFO: 多进程采样开始。。。
2021-04-18 21:53:21,215 - main_train_test.py[line:47] - INFO: 子进程采样一个batch节点开始...
2021-04-18 21:53:46,258 - main_train_test.py[line:66] - INFO: 子进程采样一个batch节点开始...
2021-04-18 21:53:47,301 - main_train_test.py[line:115] - INFO: 多进程采样结束。
2021-04-18 21:53:47,307 - main_train_test.py[line:152] - INFO: epoch 1 验证数据生成完毕
2021-04-18 21:53:47,307 - TrainModel.py[line:38] - INFO: epoch %d 训练开始。。。
2021-04-18 21:56:03,049 - TrainModel.py[line:76] - INFO: epoch 1 训练结束
2021-04-18 21:56:03,049 - TrainModel.py[line:80] - INFO: epoch 1 valid 开始。。。
2021-04-18 21:56:04,562 - TrainModel.py[line:109] - INFO: UPDATE!!!
2021-04-18 21:56:04,562 - TrainModel.py[line:115] - INFO: Epoch: 1 (137.3s)  LR: 0.00070 Train Loss: 4.67  Valid Loss: 5.32  Valid NDCG: 0.3825
2021-04-18 21:56:04,562 - TrainModel.py[line:124] - INFO: epoch 1 valid 结束。
2021-04-18 21:56:04,565 - main_train_test.py[line:127] - INFO: epoch 2 训练数据生成开始。。。
2021-04-18 21:56:04,565 - main_train_test.py[line:88] - INFO: 多进程采样开始。。。
2021-04-18 21:56:18,310 - main_train_test.py[line:47] - INFO: 子进程采样一个batch节点开始...
2021-04-18 21:56:18,312 - main_train_test.py[line:47] - INFO: 子进程采样一个batch节点开始...
2021-04-18 21:56:18,315 - main_train_test.py[line:47] - INFO: 子进程采样一个batch节点开始...
2021-04-18 21:56:18,315 - main_train_test.py[line:47] - INFO: 子进程采样一个batch节点开始...
2021-04-18 21:56:18,316 - main_train_test.py[line:47] - INFO: 子进程采样一个batch节点开始...
2021-04-18 21:56:18,318 - main_train_test.py[line:47] - INFO: 子进程采样一个batch节点开始...
2021-04-18 21:56:18,320 - main_train_test.py[line:47] - INFO: 子进程采样一个batch节点开始...
2021-04-18 21:56:18,321 - main_train_test.py[line:47] - INFO: 子进程采样一个batch节点开始...
2021-04-18 21:56:18,322 - main_train_test.py[line:47] - INFO: 子进程采样一个batch节点开始...
2021-04-18 21:56:18,323 - main_train_test.py[line:47] - INFO: 子进程采样一个batch节点开始...
2021-04-18 21:56:18,324 - main_train_test.py[line:47] - INFO: 子进程采样一个batch节点开始...
2021-04-18 21:56:18,325 - main_train_test.py[line:47] - INFO: 子进程采样一个batch节点开始...
2021-04-18 21:56:18,326 - main_train_test.py[line:47] - INFO: 子进程采样一个batch节点开始...
2021-04-18 21:56:18,328 - main_train_test.py[line:47] - INFO: 子进程采样一个batch节点开始...
2021-04-18 21:56:18,330 - main_train_test.py[line:47] - INFO: 子进程采样一个batch节点开始...
2021-04-18 21:56:18,331 - main_train_test.py[line:47] - INFO: 子进程采样一个batch节点开始...
2021-04-18 21:56:18,332 - main_train_test.py[line:47] - INFO: 子进程采样一个batch节点开始...
2021-04-18 21:56:18,333 - main_train_test.py[line:47] - INFO: 子进程采样一个batch节点开始...
2021-04-18 21:56:18,334 - main_train_test.py[line:47] - INFO: 子进程采样一个batch节点开始...
2021-04-18 21:56:18,336 - main_train_test.py[line:47] - INFO: 子进程采样一个batch节点开始...
2021-04-18 21:56:18,335 - main_train_test.py[line:47] - INFO: 子进程采样一个batch节点开始...
2021-04-18 21:56:18,338 - main_train_test.py[line:47] - INFO: 子进程采样一个batch节点开始...
2021-04-18 21:56:18,344 - main_train_test.py[line:47] - INFO: 子进程采样一个batch节点开始...
2021-04-18 21:56:18,345 - main_train_test.py[line:47] - INFO: 子进程采样一个batch节点开始...
2021-04-18 21:56:18,346 - main_train_test.py[line:47] - INFO: 子进程采样一个batch节点开始...
2021-04-18 21:56:18,347 - main_train_test.py[line:47] - INFO: 子进程采样一个batch节点开始...
2021-04-18 21:56:18,349 - main_train_test.py[line:47] - INFO: 子进程采样一个batch节点开始...
2021-04-18 21:56:18,351 - main_train_test.py[line:47] - INFO: 子进程采样一个batch节点开始...
2021-04-18 21:56:18,356 - main_train_test.py[line:47] - INFO: 子进程采样一个batch节点开始...
2021-04-18 21:56:18,359 - main_train_test.py[line:47] - INFO: 子进程采样一个batch节点开始...
2021-04-18 21:56:18,360 - main_train_test.py[line:47] - INFO: 子进程采样一个batch节点开始...
2021-04-18 21:56:18,361 - main_train_test.py[line:47] - INFO: 子进程采样一个batch节点开始...
2021-04-18 21:56:55,527 - main_train_test.py[line:66] - INFO: 子进程采样一个batch节点开始...
2021-04-18 21:57:01,232 - main_train_test.py[line:66] - INFO: 子进程采样一个batch节点开始...
2021-04-18 21:57:01,421 - main_train_test.py[line:66] - INFO: 子进程采样一个batch节点开始...
2021-04-18 21:57:02,776 - main_train_test.py[line:66] - INFO: 子进程采样一个batch节点开始...
2021-04-18 21:57:03,770 - main_train_test.py[line:66] - INFO: 子进程采样一个batch节点开始...
2021-04-18 21:57:03,895 - main_train_test.py[line:66] - INFO: 子进程采样一个batch节点开始...
2021-04-18 21:57:04,062 - main_train_test.py[line:66] - INFO: 子进程采样一个batch节点开始...
2021-04-18 21:57:04,383 - main_train_test.py[line:66] - INFO: 子进程采样一个batch节点开始...
2021-04-18 21:57:05,294 - main_train_test.py[line:66] - INFO: 子进程采样一个batch节点开始...
2021-04-18 21:57:06,139 - main_train_test.py[line:66] - INFO: 子进程采样一个batch节点开始...
2021-04-18 21:57:06,234 - main_train_test.py[line:66] - INFO: 子进程采样一个batch节点开始...
2021-04-18 21:57:06,503 - main_train_test.py[line:66] - INFO: 子进程采样一个batch节点开始...
2021-04-18 21:57:06,523 - main_train_test.py[line:66] - INFO: 子进程采样一个batch节点开始...
2021-04-18 21:57:06,768 - main_train_test.py[line:66] - INFO: 子进程采样一个batch节点开始...
2021-04-18 21:57:07,439 - main_train_test.py[line:66] - INFO: 子进程采样一个batch节点开始...
2021-04-18 21:57:07,596 - main_train_test.py[line:66] - INFO: 子进程采样一个batch节点开始...
2021-04-18 21:57:07,602 - main_train_test.py[line:66] - INFO: 子进程采样一个batch节点开始...
2021-04-18 21:57:07,651 - main_train_test.py[line:66] - INFO: 子进程采样一个batch节点开始...
2021-04-18 21:57:07,787 - main_train_test.py[line:66] - INFO: 子进程采样一个batch节点开始...
2021-04-18 21:57:08,172 - main_train_test.py[line:66] - INFO: 子进程采样一个batch节点开始...
2021-04-18 21:57:08,650 - main_train_test.py[line:66] - INFO: 子进程采样一个batch节点开始...
2021-04-18 21:57:08,666 - main_train_test.py[line:66] - INFO: 子进程采样一个batch节点开始...
2021-04-18 21:57:09,956 - main_train_test.py[line:66] - INFO: 子进程采样一个batch节点开始...
2021-04-18 21:57:10,373 - main_train_test.py[line:66] - INFO: 子进程采样一个batch节点开始...
2021-04-18 21:57:10,775 - main_train_test.py[line:66] - INFO: 子进程采样一个batch节点开始...
2021-04-18 21:57:11,267 - main_train_test.py[line:66] - INFO: 子进程采样一个batch节点开始...
2021-04-18 21:57:11,939 - main_train_test.py[line:66] - INFO: 子进程采样一个batch节点开始...
2021-04-18 21:57:13,382 - main_train_test.py[line:66] - INFO: 子进程采样一个batch节点开始...
2021-04-18 21:57:13,383 - main_train_test.py[line:66] - INFO: 子进程采样一个batch节点开始...
2021-04-18 21:57:13,387 - main_train_test.py[line:66] - INFO: 子进程采样一个batch节点开始...
2021-04-18 21:57:13,725 - main_train_test.py[line:66] - INFO: 子进程采样一个batch节点开始...
2021-04-18 21:57:25,115 - main_train_test.py[line:66] - INFO: 子进程采样一个batch节点开始...
2021-04-18 21:57:26,861 - main_train_test.py[line:115] - INFO: 多进程采样结束。
2021-04-18 21:57:26,975 - main_train_test.py[line:139] - INFO: epoch 2 训练数据生成完毕
2021-04-18 21:57:26,975 - main_train_test.py[line:140] - INFO: epoch 2 验证数据生成开始。。。
2021-04-18 21:57:26,975 - main_train_test.py[line:88] - INFO: 多进程采样开始。。。
2021-04-18 21:57:42,805 - main_train_test.py[line:47] - INFO: 子进程采样一个batch节点开始...
2021-04-18 21:58:02,770 - main_train_test.py[line:66] - INFO: 子进程采样一个batch节点开始...
2021-04-18 21:58:03,665 - main_train_test.py[line:115] - INFO: 多进程采样结束。
2021-04-18 21:58:03,673 - main_train_test.py[line:152] - INFO: epoch 2 验证数据生成完毕
2021-04-18 21:58:03,673 - TrainModel.py[line:38] - INFO: epoch %d 训练开始。。。
2021-04-18 22:00:19,876 - TrainModel.py[line:76] - INFO: epoch 2 训练结束
2021-04-18 22:00:19,876 - TrainModel.py[line:80] - INFO: epoch 2 valid 开始。。。
2021-04-18 22:00:21,361 - TrainModel.py[line:109] - INFO: UPDATE!!!
2021-04-18 22:00:21,362 - TrainModel.py[line:115] - INFO: Epoch: 2 (137.7s)  LR: 0.00078 Train Loss: 4.23  Valid Loss: 5.12  Valid NDCG: 0.4089
2021-04-18 22:00:21,362 - TrainModel.py[line:124] - INFO: epoch 2 valid 结束。
2021-04-18 22:00:21,364 - main_train_test.py[line:127] - INFO: epoch 3 训练数据生成开始。。。
2021-04-18 22:00:21,365 - main_train_test.py[line:88] - INFO: 多进程采样开始。。。
2021-04-18 22:00:36,678 - main_train_test.py[line:47] - INFO: 子进程采样一个batch节点开始...
2021-04-18 22:00:36,680 - main_train_test.py[line:47] - INFO: 子进程采样一个batch节点开始...
2021-04-18 22:00:36,682 - main_train_test.py[line:47] - INFO: 子进程采样一个batch节点开始...
2021-04-18 22:00:36,683 - main_train_test.py[line:47] - INFO: 子进程采样一个batch节点开始...
2021-04-18 22:00:36,685 - main_train_test.py[line:47] - INFO: 子进程采样一个batch节点开始...
2021-04-18 22:00:36,687 - main_train_test.py[line:47] - INFO: 子进程采样一个batch节点开始...
2021-04-18 22:00:36,688 - main_train_test.py[line:47] - INFO: 子进程采样一个batch节点开始...
2021-04-18 22:00:36,690 - main_train_test.py[line:47] - INFO: 子进程采样一个batch节点开始...
2021-04-18 22:00:36,691 - main_train_test.py[line:47] - INFO: 子进程采样一个batch节点开始...
2021-04-18 22:00:36,694 - main_train_test.py[line:47] - INFO: 子进程采样一个batch节点开始...
2021-04-18 22:00:36,694 - main_train_test.py[line:47] - INFO: 子进程采样一个batch节点开始...
2021-04-18 22:00:36,696 - main_train_test.py[line:47] - INFO: 子进程采样一个batch节点开始...
2021-04-18 22:00:36,698 - main_train_test.py[line:47] - INFO: 子进程采样一个batch节点开始...
2021-04-18 22:00:36,699 - main_train_test.py[line:47] - INFO: 子进程采样一个batch节点开始...
2021-04-18 22:00:36,700 - main_train_test.py[line:47] - INFO: 子进程采样一个batch节点开始...
2021-04-18 22:00:36,702 - main_train_test.py[line:47] - INFO: 子进程采样一个batch节点开始...
2021-04-18 22:00:36,703 - main_train_test.py[line:47] - INFO: 子进程采样一个batch节点开始...
2021-04-18 22:00:36,707 - main_train_test.py[line:47] - INFO: 子进程采样一个batch节点开始...
2021-04-18 22:00:36,707 - main_train_test.py[line:47] - INFO: 子进程采样一个batch节点开始...
2021-04-18 22:00:36,707 - main_train_test.py[line:47] - INFO: 子进程采样一个batch节点开始...
2021-04-18 22:00:36,712 - main_train_test.py[line:47] - INFO: 子进程采样一个batch节点开始...
2021-04-18 22:00:36,712 - main_train_test.py[line:47] - INFO: 子进程采样一个batch节点开始...
2021-04-18 22:00:36,713 - main_train_test.py[line:47] - INFO: 子进程采样一个batch节点开始...
2021-04-18 22:00:36,713 - main_train_test.py[line:47] - INFO: 子进程采样一个batch节点开始...
2021-04-18 22:00:36,714 - main_train_test.py[line:47] - INFO: 子进程采样一个batch节点开始...
2021-04-18 22:00:36,717 - main_train_test.py[line:47] - INFO: 子进程采样一个batch节点开始...
2021-04-18 22:00:36,720 - main_train_test.py[line:47] - INFO: 子进程采样一个batch节点开始...
2021-04-18 22:00:36,723 - main_train_test.py[line:47] - INFO: 子进程采样一个batch节点开始...
2021-04-18 22:00:36,727 - main_train_test.py[line:47] - INFO: 子进程采样一个batch节点开始...
2021-04-18 22:00:36,730 - main_train_test.py[line:47] - INFO: 子进程采样一个batch节点开始...
2021-04-18 22:00:36,737 - main_train_test.py[line:47] - INFO: 子进程采样一个batch节点开始...
2021-04-18 22:00:36,737 - main_train_test.py[line:47] - INFO: 子进程采样一个batch节点开始...
2021-04-18 22:01:20,164 - main_train_test.py[line:66] - INFO: 子进程采样一个batch节点开始...
2021-04-18 22:01:20,928 - main_train_test.py[line:66] - INFO: 子进程采样一个batch节点开始...
2021-04-18 22:01:21,711 - main_train_test.py[line:66] - INFO: 子进程采样一个batch节点开始...
2021-04-18 22:01:21,973 - main_train_test.py[line:66] - INFO: 子进程采样一个batch节点开始...
2021-04-18 22:01:22,011 - main_train_test.py[line:66] - INFO: 子进程采样一个batch节点开始...
2021-04-18 22:01:22,321 - main_train_test.py[line:66] - INFO: 子进程采样一个batch节点开始...
2021-04-18 22:01:22,784 - main_train_test.py[line:66] - INFO: 子进程采样一个batch节点开始...
2021-04-18 22:01:23,446 - main_train_test.py[line:66] - INFO: 子进程采样一个batch节点开始...
2021-04-18 22:01:23,870 - main_train_test.py[line:66] - INFO: 子进程采样一个batch节点开始...
2021-04-18 22:01:24,012 - main_train_test.py[line:66] - INFO: 子进程采样一个batch节点开始...
2021-04-18 22:01:24,118 - main_train_test.py[line:66] - INFO: 子进程采样一个batch节点开始...
2021-04-18 22:01:24,528 - main_train_test.py[line:66] - INFO: 子进程采样一个batch节点开始...
2021-04-18 22:01:24,588 - main_train_test.py[line:66] - INFO: 子进程采样一个batch节点开始...
2021-04-18 22:01:24,815 - main_train_test.py[line:66] - INFO: 子进程采样一个batch节点开始...
2021-04-18 22:01:25,116 - main_train_test.py[line:66] - INFO: 子进程采样一个batch节点开始...
2021-04-18 22:01:25,246 - main_train_test.py[line:66] - INFO: 子进程采样一个batch节点开始...
2021-04-18 22:01:25,901 - main_train_test.py[line:66] - INFO: 子进程采样一个batch节点开始...
2021-04-18 22:01:26,546 - main_train_test.py[line:66] - INFO: 子进程采样一个batch节点开始...
2021-04-18 22:01:26,702 - main_train_test.py[line:66] - INFO: 子进程采样一个batch节点开始...
2021-04-18 22:01:26,802 - main_train_test.py[line:66] - INFO: 子进程采样一个batch节点开始...
2021-04-18 22:01:26,975 - main_train_test.py[line:66] - INFO: 子进程采样一个batch节点开始...
2021-04-18 22:01:27,120 - main_train_test.py[line:66] - INFO: 子进程采样一个batch节点开始...
2021-04-18 22:01:28,466 - main_train_test.py[line:66] - INFO: 子进程采样一个batch节点开始...
2021-04-18 22:01:28,604 - main_train_test.py[line:66] - INFO: 子进程采样一个batch节点开始...
2021-04-18 22:01:28,659 - main_train_test.py[line:66] - INFO: 子进程采样一个batch节点开始...
2021-04-18 22:01:28,774 - main_train_test.py[line:66] - INFO: 子进程采样一个batch节点开始...
2021-04-18 22:01:28,859 - main_train_test.py[line:66] - INFO: 子进程采样一个batch节点开始...
2021-04-18 22:01:29,114 - main_train_test.py[line:66] - INFO: 子进程采样一个batch节点开始...
2021-04-18 22:01:30,047 - main_train_test.py[line:66] - INFO: 子进程采样一个batch节点开始...
2021-04-18 22:01:30,294 - main_train_test.py[line:66] - INFO: 子进程采样一个batch节点开始...
2021-04-18 22:01:36,212 - main_train_test.py[line:66] - INFO: 子进程采样一个batch节点开始...
2021-04-18 22:01:39,524 - main_train_test.py[line:66] - INFO: 子进程采样一个batch节点开始...
2021-04-18 22:01:41,299 - main_train_test.py[line:115] - INFO: 多进程采样结束。
2021-04-18 22:01:41,389 - main_train_test.py[line:139] - INFO: epoch 3 训练数据生成完毕
2021-04-18 22:01:41,389 - main_train_test.py[line:140] - INFO: epoch 3 验证数据生成开始。。。
2021-04-18 22:01:41,389 - main_train_test.py[line:88] - INFO: 多进程采样开始。。。
2021-04-18 22:01:58,095 - main_train_test.py[line:47] - INFO: 子进程采样一个batch节点开始...
2021-04-18 22:02:17,032 - main_train_test.py[line:66] - INFO: 子进程采样一个batch节点开始...
2021-04-18 22:02:18,095 - main_train_test.py[line:115] - INFO: 多进程采样结束。
2021-04-18 22:02:18,103 - main_train_test.py[line:152] - INFO: epoch 3 验证数据生成完毕
2021-04-18 22:02:18,104 - TrainModel.py[line:38] - INFO: epoch %d 训练开始。。。
2021-04-18 22:04:34,743 - TrainModel.py[line:76] - INFO: epoch 3 训练结束
2021-04-18 22:04:34,743 - TrainModel.py[line:80] - INFO: epoch 3 valid 开始。。。
2021-04-18 22:04:36,075 - TrainModel.py[line:115] - INFO: Epoch: 3 (138.0s)  LR: 0.00086 Train Loss: 3.96  Valid Loss: 4.90  Valid NDCG: 0.4017
2021-04-18 22:04:36,075 - TrainModel.py[line:124] - INFO: epoch 3 valid 结束。
2021-04-18 22:04:36,077 - main_train_test.py[line:127] - INFO: epoch 4 训练数据生成开始。。。
2021-04-18 22:04:36,077 - main_train_test.py[line:88] - INFO: 多进程采样开始。。。
2021-04-18 22:04:50,737 - main_train_test.py[line:47] - INFO: 子进程采样一个batch节点开始...
2021-04-18 22:04:50,738 - main_train_test.py[line:47] - INFO: 子进程采样一个batch节点开始...
2021-04-18 22:04:50,747 - main_train_test.py[line:47] - INFO: 子进程采样一个batch节点开始...
2021-04-18 22:04:50,747 - main_train_test.py[line:47] - INFO: 子进程采样一个batch节点开始...
2021-04-18 22:04:50,747 - main_train_test.py[line:47] - INFO: 子进程采样一个batch节点开始...
2021-04-18 22:04:50,747 - main_train_test.py[line:47] - INFO: 子进程采样一个batch节点开始...
2021-04-18 22:04:50,749 - main_train_test.py[line:47] - INFO: 子进程采样一个batch节点开始...
2021-04-18 22:04:50,751 - main_train_test.py[line:47] - INFO: 子进程采样一个batch节点开始...
2021-04-18 22:04:50,752 - main_train_test.py[line:47] - INFO: 子进程采样一个batch节点开始...
2021-04-18 22:04:50,753 - main_train_test.py[line:47] - INFO: 子进程采样一个batch节点开始...
2021-04-18 22:04:50,755 - main_train_test.py[line:47] - INFO: 子进程采样一个batch节点开始...
2021-04-18 22:04:50,756 - main_train_test.py[line:47] - INFO: 子进程采样一个batch节点开始...
2021-04-18 22:04:50,758 - main_train_test.py[line:47] - INFO: 子进程采样一个batch节点开始...
2021-04-18 22:04:50,759 - main_train_test.py[line:47] - INFO: 子进程采样一个batch节点开始...
2021-04-18 22:04:50,761 - main_train_test.py[line:47] - INFO: 子进程采样一个batch节点开始...
2021-04-18 22:04:50,763 - main_train_test.py[line:47] - INFO: 子进程采样一个batch节点开始...
2021-04-18 22:04:50,766 - main_train_test.py[line:47] - INFO: 子进程采样一个batch节点开始...
2021-04-18 22:04:50,766 - main_train_test.py[line:47] - INFO: 子进程采样一个batch节点开始...
2021-04-18 22:04:50,767 - main_train_test.py[line:47] - INFO: 子进程采样一个batch节点开始...
2021-04-18 22:04:50,768 - main_train_test.py[line:47] - INFO: 子进程采样一个batch节点开始...
2021-04-18 22:04:50,770 - main_train_test.py[line:47] - INFO: 子进程采样一个batch节点开始...
2021-04-18 22:04:50,771 - main_train_test.py[line:47] - INFO: 子进程采样一个batch节点开始...
2021-04-18 22:04:50,773 - main_train_test.py[line:47] - INFO: 子进程采样一个batch节点开始...
2021-04-18 22:04:50,774 - main_train_test.py[line:47] - INFO: 子进程采样一个batch节点开始...
2021-04-18 22:04:50,775 - main_train_test.py[line:47] - INFO: 子进程采样一个batch节点开始...
2021-04-18 22:04:50,776 - main_train_test.py[line:47] - INFO: 子进程采样一个batch节点开始...
2021-04-18 22:04:50,778 - main_train_test.py[line:47] - INFO: 子进程采样一个batch节点开始...
2021-04-18 22:04:50,779 - main_train_test.py[line:47] - INFO: 子进程采样一个batch节点开始...
2021-04-18 22:04:50,782 - main_train_test.py[line:47] - INFO: 子进程采样一个batch节点开始...
2021-04-18 22:04:50,786 - main_train_test.py[line:47] - INFO: 子进程采样一个batch节点开始...
2021-04-18 22:04:50,788 - main_train_test.py[line:47] - INFO: 子进程采样一个batch节点开始...
2021-04-18 22:04:50,790 - main_train_test.py[line:47] - INFO: 子进程采样一个batch节点开始...
2021-04-18 22:05:34,020 - main_train_test.py[line:66] - INFO: 子进程采样一个batch节点开始...
2021-04-18 22:05:36,457 - main_train_test.py[line:66] - INFO: 子进程采样一个batch节点开始...
2021-04-18 22:05:37,572 - main_train_test.py[line:66] - INFO: 子进程采样一个batch节点开始...
2021-04-18 22:05:37,593 - main_train_test.py[line:66] - INFO: 子进程采样一个batch节点开始...
2021-04-18 22:05:37,906 - main_train_test.py[line:66] - INFO: 子进程采样一个batch节点开始...
2021-04-18 22:05:38,207 - main_train_test.py[line:66] - INFO: 子进程采样一个batch节点开始...
2021-04-18 22:05:38,217 - main_train_test.py[line:66] - INFO: 子进程采样一个batch节点开始...
2021-04-18 22:05:38,267 - main_train_test.py[line:66] - INFO: 子进程采样一个batch节点开始...
2021-04-18 22:05:38,450 - main_train_test.py[line:66] - INFO: 子进程采样一个batch节点开始...
2021-04-18 22:05:38,575 - main_train_test.py[line:66] - INFO: 子进程采样一个batch节点开始...
2021-04-18 22:05:39,646 - main_train_test.py[line:66] - INFO: 子进程采样一个batch节点开始...
2021-04-18 22:05:40,155 - main_train_test.py[line:66] - INFO: 子进程采样一个batch节点开始...
2021-04-18 22:05:40,205 - main_train_test.py[line:66] - INFO: 子进程采样一个batch节点开始...
2021-04-18 22:05:40,524 - main_train_test.py[line:66] - INFO: 子进程采样一个batch节点开始...
2021-04-18 22:05:40,796 - main_train_test.py[line:66] - INFO: 子进程采样一个batch节点开始...
2021-04-18 22:05:40,927 - main_train_test.py[line:66] - INFO: 子进程采样一个batch节点开始...
2021-04-18 22:05:41,169 - main_train_test.py[line:66] - INFO: 子进程采样一个batch节点开始...
2021-04-18 22:05:41,220 - main_train_test.py[line:66] - INFO: 子进程采样一个batch节点开始...
2021-04-18 22:05:41,439 - main_train_test.py[line:66] - INFO: 子进程采样一个batch节点开始...
