2021-03-29 23:05:03,285 - __init__.py[line:224] - DEBUG: CACHEDIR=/data1/huangzg/.cache/matplotlib
2021-03-29 23:05:03,289 - font_manager.py[line:1435] - DEBUG: Using fontManager instance from /data1/huangzg/.cache/matplotlib/fontlist-v330.json
2021-03-29 23:05:03,641 - pyplot.py[line:290] - DEBUG: Loaded backend module://backend_interagg version unknown.
2021-03-29 23:05:03,721 - __init__.py[line:47] - DEBUG: Creating converter from 7 to 5
2021-03-29 23:05:03,722 - __init__.py[line:47] - DEBUG: Creating converter from 5 to 7
2021-03-29 23:05:03,722 - __init__.py[line:47] - DEBUG: Creating converter from 7 to 5
2021-03-29 23:05:03,722 - __init__.py[line:47] - DEBUG: Creating converter from 5 to 7
2021-03-29 23:05:04,114 - __init__.py[line:29] - DEBUG: [ray] Forcing OMP_NUM_THREADS=1 to avoid performance degradation with many workers (issue #6998). You can override this by explicitly setting OMP_NUM_THREADS.
2021-03-29 23:05:04,176 - worker.py[line:619] - DEBUG: Automatically increasing RLIMIT_NOFILE to max value of 4096
2021-03-29 23:05:06,787 - train_paper_venue_single_full.py[line:20] - INFO: 流程开始。。。
2021-03-29 23:05:06,791 - train_paper_venue_single_full.py[line:96] - INFO: 读取数据开始。。。
2021-03-29 23:06:05,700 - train_paper_venue_single_full.py[line:98] - INFO: 读取数据完毕。
2021-03-29 23:06:11,382 - train_paper_venue_single_full.py[line:151] - INFO: 数据类型 train 共 256 个节点
2021-03-29 23:06:11,383 - train_paper_venue_single_full.py[line:151] - INFO: 数据类型 val 共 256 个节点
2021-03-29 23:06:11,385 - train_paper_venue_single_full.py[line:151] - INFO: 数据类型 test 共 256 个节点
2021-03-29 23:06:11,385 - train_paper_venue_single_full.py[line:157] - INFO: 数据类型 train 子图采集开始。。。
2021-03-29 23:07:09,245 - train_paper_venue_single_full.py[line:174] - INFO: 数据类型 train 子图采集开始完毕!
2021-03-29 23:07:09,247 - train_paper_venue_single_full.py[line:157] - INFO: 数据类型 val 子图采集开始。。。
2021-03-29 23:07:55,157 - train_paper_venue_single_full.py[line:174] - INFO: 数据类型 val 子图采集开始完毕!
2021-03-29 23:07:55,158 - train_paper_venue_single_full.py[line:157] - INFO: 数据类型 test 子图采集开始。。。
2021-03-29 23:08:42,438 - train_paper_venue_single_full.py[line:174] - INFO: 数据类型 test 子图采集开始完毕!
2021-03-29 23:08:42,439 - train_paper_venue_single_full.py[line:177] - INFO: 所有训练、验证、测试数据子图采集完毕。
