2021-04-18 19:28:23,703 - ReadData.py[line:23] - INFO: 读取数据开始。。。
2021-04-18 19:29:20,757 - ReadData.py[line:25] - INFO: 读取数据完毕。
2021-04-18 19:29:26,966 - ReadData.py[line:92] - INFO: 数据类型 train 共 148566 个节点
2021-04-18 19:29:26,967 - ReadData.py[line:92] - INFO: 数据类型 val 共 33744 个节点
2021-04-18 19:29:26,969 - ReadData.py[line:92] - INFO: 数据类型 test 共 46794 个节点
2021-04-18 19:29:29,086 - main_train_test.py[line:127] - INFO: epoch 0 训练数据生成开始。。。
2021-04-18 19:29:29,086 - main_train_test.py[line:89] - INFO: 多进程采样开始。。。
2021-04-18 19:29:44,996 - main_train_test.py[line:48] - INFO: 子进程采样一个batch节点开始...
2021-04-18 19:29:44,997 - main_train_test.py[line:48] - INFO: 子进程采样一个batch节点开始...
2021-04-18 19:29:44,999 - main_train_test.py[line:48] - INFO: 子进程采样一个batch节点开始...
2021-04-18 19:29:45,000 - main_train_test.py[line:48] - INFO: 子进程采样一个batch节点开始...
2021-04-18 19:29:45,002 - main_train_test.py[line:48] - INFO: 子进程采样一个batch节点开始...
2021-04-18 19:29:45,004 - main_train_test.py[line:48] - INFO: 子进程采样一个batch节点开始...
2021-04-18 19:29:45,007 - main_train_test.py[line:48] - INFO: 子进程采样一个batch节点开始...
2021-04-18 19:29:45,008 - main_train_test.py[line:48] - INFO: 子进程采样一个batch节点开始...
2021-04-18 19:29:45,010 - main_train_test.py[line:48] - INFO: 子进程采样一个batch节点开始...
2021-04-18 19:29:45,011 - main_train_test.py[line:48] - INFO: 子进程采样一个batch节点开始...
2021-04-18 19:29:45,013 - main_train_test.py[line:48] - INFO: 子进程采样一个batch节点开始...
2021-04-18 19:29:45,014 - main_train_test.py[line:48] - INFO: 子进程采样一个batch节点开始...
2021-04-18 19:29:45,016 - main_train_test.py[line:48] - INFO: 子进程采样一个batch节点开始...
2021-04-18 19:29:45,018 - main_train_test.py[line:48] - INFO: 子进程采样一个batch节点开始...
2021-04-18 19:29:45,020 - main_train_test.py[line:48] - INFO: 子进程采样一个batch节点开始...
2021-04-18 19:29:45,023 - main_train_test.py[line:48] - INFO: 子进程采样一个batch节点开始...
2021-04-18 19:29:45,025 - main_train_test.py[line:48] - INFO: 子进程采样一个batch节点开始...
2021-04-18 19:29:45,028 - main_train_test.py[line:48] - INFO: 子进程采样一个batch节点开始...
2021-04-18 19:29:45,031 - main_train_test.py[line:48] - INFO: 子进程采样一个batch节点开始...
2021-04-18 19:29:45,033 - main_train_test.py[line:48] - INFO: 子进程采样一个batch节点开始...
2021-04-18 19:29:45,036 - main_train_test.py[line:48] - INFO: 子进程采样一个batch节点开始...
2021-04-18 19:29:45,038 - main_train_test.py[line:48] - INFO: 子进程采样一个batch节点开始...
2021-04-18 19:29:45,040 - main_train_test.py[line:48] - INFO: 子进程采样一个batch节点开始...
2021-04-18 19:29:45,044 - main_train_test.py[line:48] - INFO: 子进程采样一个batch节点开始...
2021-04-18 19:29:45,050 - main_train_test.py[line:48] - INFO: 子进程采样一个batch节点开始...
2021-04-18 19:29:45,053 - main_train_test.py[line:48] - INFO: 子进程采样一个batch节点开始...
2021-04-18 19:29:45,055 - main_train_test.py[line:48] - INFO: 子进程采样一个batch节点开始...
2021-04-18 19:29:45,059 - main_train_test.py[line:48] - INFO: 子进程采样一个batch节点开始...
2021-04-18 19:29:45,062 - main_train_test.py[line:48] - INFO: 子进程采样一个batch节点开始...
2021-04-18 19:29:45,065 - main_train_test.py[line:48] - INFO: 子进程采样一个batch节点开始...
2021-04-18 19:29:45,067 - main_train_test.py[line:48] - INFO: 子进程采样一个batch节点开始...
2021-04-18 19:29:45,070 - main_train_test.py[line:48] - INFO: 子进程采样一个batch节点开始...
