2021-04-18 19:56:29,930 - ReadData.py[line:23] - INFO: 读取数据开始。。。
2021-04-18 19:57:20,496 - ReadData.py[line:25] - INFO: 读取数据完毕。
2021-04-18 19:57:26,541 - ReadData.py[line:92] - INFO: 数据类型 train 共 148566 个节点
2021-04-18 19:57:26,542 - ReadData.py[line:92] - INFO: 数据类型 val 共 33744 个节点
2021-04-18 19:57:26,543 - ReadData.py[line:92] - INFO: 数据类型 test 共 46794 个节点
2021-04-18 19:57:28,550 - main_train_test.py[line:127] - INFO: epoch 0 训练数据生成开始。。。
2021-04-18 19:57:28,550 - main_train_test.py[line:89] - INFO: 多进程采样开始。。。
2021-04-18 19:57:39,080 - main_train_test.py[line:48] - INFO: 子进程采样一个batch节点开始...
2021-04-18 19:57:39,081 - main_train_test.py[line:48] - INFO: 子进程采样一个batch节点开始...
2021-04-18 19:57:39,082 - main_train_test.py[line:48] - INFO: 子进程采样一个batch节点开始...
2021-04-18 19:57:39,084 - main_train_test.py[line:48] - INFO: 子进程采样一个batch节点开始...
2021-04-18 19:57:39,085 - main_train_test.py[line:48] - INFO: 子进程采样一个batch节点开始...
2021-04-18 19:57:39,086 - main_train_test.py[line:48] - INFO: 子进程采样一个batch节点开始...
2021-04-18 19:57:39,087 - main_train_test.py[line:48] - INFO: 子进程采样一个batch节点开始...
2021-04-18 19:57:39,089 - main_train_test.py[line:48] - INFO: 子进程采样一个batch节点开始...
2021-04-18 19:57:39,090 - main_train_test.py[line:48] - INFO: 子进程采样一个batch节点开始...
2021-04-18 19:57:39,091 - main_train_test.py[line:48] - INFO: 子进程采样一个batch节点开始...
2021-04-18 19:57:39,093 - main_train_test.py[line:48] - INFO: 子进程采样一个batch节点开始...
2021-04-18 19:57:39,094 - main_train_test.py[line:48] - INFO: 子进程采样一个batch节点开始...
2021-04-18 19:57:39,095 - main_train_test.py[line:48] - INFO: 子进程采样一个batch节点开始...
2021-04-18 19:57:39,096 - main_train_test.py[line:48] - INFO: 子进程采样一个batch节点开始...
2021-04-18 19:57:39,097 - main_train_test.py[line:48] - INFO: 子进程采样一个batch节点开始...
2021-04-18 19:57:39,099 - main_train_test.py[line:48] - INFO: 子进程采样一个batch节点开始...
2021-04-18 19:57:39,100 - main_train_test.py[line:48] - INFO: 子进程采样一个batch节点开始...
2021-04-18 19:57:39,101 - main_train_test.py[line:48] - INFO: 子进程采样一个batch节点开始...
2021-04-18 19:57:39,102 - main_train_test.py[line:48] - INFO: 子进程采样一个batch节点开始...
2021-04-18 19:57:39,103 - main_train_test.py[line:48] - INFO: 子进程采样一个batch节点开始...
2021-04-18 19:57:39,105 - main_train_test.py[line:48] - INFO: 子进程采样一个batch节点开始...
2021-04-18 19:57:39,106 - main_train_test.py[line:48] - INFO: 子进程采样一个batch节点开始...
2021-04-18 19:57:39,106 - main_train_test.py[line:48] - INFO: 子进程采样一个batch节点开始...
2021-04-18 19:57:39,108 - main_train_test.py[line:48] - INFO: 子进程采样一个batch节点开始...
2021-04-18 19:57:39,108 - main_train_test.py[line:48] - INFO: 子进程采样一个batch节点开始...
2021-04-18 19:57:39,110 - main_train_test.py[line:48] - INFO: 子进程采样一个batch节点开始...
2021-04-18 19:57:39,111 - main_train_test.py[line:48] - INFO: 子进程采样一个batch节点开始...
2021-04-18 19:57:39,112 - main_train_test.py[line:48] - INFO: 子进程采样一个batch节点开始...
2021-04-18 19:57:39,113 - main_train_test.py[line:48] - INFO: 子进程采样一个batch节点开始...
2021-04-18 19:57:39,114 - main_train_test.py[line:48] - INFO: 子进程采样一个batch节点开始...
2021-04-18 19:57:39,115 - main_train_test.py[line:48] - INFO: 子进程采样一个batch节点开始...
2021-04-18 19:57:39,393 - main_train_test.py[line:48] - INFO: 子进程采样一个batch节点开始...
