2021-04-18 19:36:42,926 - ReadData.py[line:23] - INFO: 读取数据开始。。。
2021-04-18 19:37:32,677 - ReadData.py[line:25] - INFO: 读取数据完毕。
2021-04-18 19:37:37,620 - ReadData.py[line:92] - INFO: 数据类型 train 共 148566 个节点
2021-04-18 19:37:37,621 - ReadData.py[line:92] - INFO: 数据类型 val 共 33744 个节点
2021-04-18 19:37:37,622 - ReadData.py[line:92] - INFO: 数据类型 test 共 46794 个节点
2021-04-18 19:37:39,729 - main_train_test.py[line:127] - INFO: epoch 0 训练数据生成开始。。。
2021-04-18 19:37:39,729 - main_train_test.py[line:89] - INFO: 多进程采样开始。。。
2021-04-18 19:37:52,416 - main_train_test.py[line:48] - INFO: 子进程采样一个batch节点开始...
2021-04-18 19:37:52,418 - main_train_test.py[line:48] - INFO: 子进程采样一个batch节点开始...
2021-04-18 19:37:52,420 - main_train_test.py[line:48] - INFO: 子进程采样一个batch节点开始...
2021-04-18 19:37:52,428 - main_train_test.py[line:48] - INFO: 子进程采样一个batch节点开始...
2021-04-18 19:37:52,431 - main_train_test.py[line:48] - INFO: 子进程采样一个batch节点开始...
2021-04-18 19:37:52,430 - main_train_test.py[line:48] - INFO: 子进程采样一个batch节点开始...
2021-04-18 19:37:52,428 - main_train_test.py[line:48] - INFO: 子进程采样一个batch节点开始...
2021-04-18 19:37:52,428 - main_train_test.py[line:48] - INFO: 子进程采样一个batch节点开始...
2021-04-18 19:37:52,428 - main_train_test.py[line:48] - INFO: 子进程采样一个batch节点开始...
2021-04-18 19:37:52,433 - main_train_test.py[line:48] - INFO: 子进程采样一个batch节点开始...
2021-04-18 19:37:52,434 - main_train_test.py[line:48] - INFO: 子进程采样一个batch节点开始...
2021-04-18 19:37:52,436 - main_train_test.py[line:48] - INFO: 子进程采样一个batch节点开始...
2021-04-18 19:37:52,437 - main_train_test.py[line:48] - INFO: 子进程采样一个batch节点开始...
2021-04-18 19:37:52,438 - main_train_test.py[line:48] - INFO: 子进程采样一个batch节点开始...
2021-04-18 19:37:52,441 - main_train_test.py[line:48] - INFO: 子进程采样一个batch节点开始...
2021-04-18 19:37:52,443 - main_train_test.py[line:48] - INFO: 子进程采样一个batch节点开始...
2021-04-18 19:37:52,444 - main_train_test.py[line:48] - INFO: 子进程采样一个batch节点开始...
2021-04-18 19:37:52,445 - main_train_test.py[line:48] - INFO: 子进程采样一个batch节点开始...
2021-04-18 19:37:52,446 - main_train_test.py[line:48] - INFO: 子进程采样一个batch节点开始...
2021-04-18 19:37:52,448 - main_train_test.py[line:48] - INFO: 子进程采样一个batch节点开始...
2021-04-18 19:37:52,450 - main_train_test.py[line:48] - INFO: 子进程采样一个batch节点开始...
2021-04-18 19:37:52,452 - main_train_test.py[line:48] - INFO: 子进程采样一个batch节点开始...
2021-04-18 19:37:52,453 - main_train_test.py[line:48] - INFO: 子进程采样一个batch节点开始...
2021-04-18 19:37:52,454 - main_train_test.py[line:48] - INFO: 子进程采样一个batch节点开始...
2021-04-18 19:37:52,456 - main_train_test.py[line:48] - INFO: 子进程采样一个batch节点开始...
2021-04-18 19:37:52,459 - main_train_test.py[line:48] - INFO: 子进程采样一个batch节点开始...
2021-04-18 19:37:52,461 - main_train_test.py[line:48] - INFO: 子进程采样一个batch节点开始...
2021-04-18 19:37:52,464 - main_train_test.py[line:48] - INFO: 子进程采样一个batch节点开始...
2021-04-18 19:37:52,467 - main_train_test.py[line:48] - INFO: 子进程采样一个batch节点开始...
2021-04-18 19:37:52,472 - main_train_test.py[line:48] - INFO: 子进程采样一个batch节点开始...
2021-04-18 19:37:52,477 - main_train_test.py[line:48] - INFO: 子进程采样一个batch节点开始...
2021-04-18 19:37:52,480 - main_train_test.py[line:48] - INFO: 子进程采样一个batch节点开始...
